<?xml version="1.0" encoding="UTF-8"?>
<!-- Generated by org.testng.reporters.JUnitXMLReporter -->
<testsuite hostname="DESKTOP-A579FMI" ignored="0" name="Default test" tests="1006" failures="0" timestamp="03 Jun 2019 04:32:58 GMT" time="27.15" errors="0">
  <testcase name="testAddBook" time="0.161" classname="databases.testing.BooksApiTest"/>
  <testcase name="testAddBook" time="0.014" classname="databases.testing.BooksApiTest"/>
  <testcase name="testAddBook" time="0.011" classname="databases.testing.BooksApiTest"/>
  <testcase name="testAddBook" time="0.011" classname="databases.testing.BooksApiTest"/>
  <testcase name="testAddBook" time="0.011" classname="databases.testing.BooksApiTest"/>
  <testcase name="testAddBook" time="0.015" classname="databases.testing.BooksApiTest"/>
  <testcase name="testAddBook" time="0.012" classname="databases.testing.BooksApiTest"/>
  <testcase name="testAddBook" time="0.016" classname="databases.testing.BooksApiTest"/>
  <testcase name="testAddBook" time="0.014" classname="databases.testing.BooksApiTest"/>
  <testcase name="testAddBook" time="0.011" classname="databases.testing.BooksApiTest"/>
  <testcase name="testAddBook" time="0.023" classname="databases.testing.BooksApiTest"/>
  <testcase name="testAddBook" time="0.016" classname="databases.testing.BooksApiTest"/>
  <testcase name="testAddBook" time="0.01" classname="databases.testing.BooksApiTest"/>
  <testcase name="testAddBook" time="0.012" classname="databases.testing.BooksApiTest"/>
  <testcase name="testAddBook" time="0.009" classname="databases.testing.BooksApiTest"/>
  <testcase name="testAddBook" time="0.019" classname="databases.testing.BooksApiTest"/>
  <testcase name="testAddBook" time="0.016" classname="databases.testing.BooksApiTest"/>
  <testcase name="testAddBook" time="0.012" classname="databases.testing.BooksApiTest"/>
  <testcase name="testAddBook" time="0.01" classname="databases.testing.BooksApiTest"/>
  <testcase name="testAddBook" time="0.013" classname="databases.testing.BooksApiTest"/>
  <testcase name="testAddBook" time="0.012" classname="databases.testing.BooksApiTest"/>
  <testcase name="testAddBook" time="0.012" classname="databases.testing.BooksApiTest"/>
  <testcase name="testAddBook" time="0.011" classname="databases.testing.BooksApiTest"/>
  <testcase name="testAddBook" time="0.008" classname="databases.testing.BooksApiTest"/>
  <testcase name="testAddBook" time="0.011" classname="databases.testing.BooksApiTest"/>
  <testcase name="testAddBook" time="0.018" classname="databases.testing.BooksApiTest"/>
  <testcase name="testAddBook" time="0.011" classname="databases.testing.BooksApiTest"/>
  <testcase name="testAddBook" time="0.022" classname="databases.testing.BooksApiTest"/>
  <testcase name="testAddBook" time="0.014" classname="databases.testing.BooksApiTest"/>
  <testcase name="testAddBook" time="0.011" classname="databases.testing.BooksApiTest"/>
  <testcase name="testAddBook" time="0.018" classname="databases.testing.BooksApiTest"/>
  <testcase name="testAddBook" time="0.01" classname="databases.testing.BooksApiTest"/>
  <testcase name="testAddBook" time="0.012" classname="databases.testing.BooksApiTest"/>
  <testcase name="testAddBook" time="0.02" classname="databases.testing.BooksApiTest"/>
  <testcase name="testAddBook" time="0.014" classname="databases.testing.BooksApiTest"/>
  <testcase name="testAddBook" time="0.012" classname="databases.testing.BooksApiTest"/>
  <testcase name="testAddBook" time="0.015" classname="databases.testing.BooksApiTest"/>
  <testcase name="testAddBook" time="0.014" classname="databases.testing.BooksApiTest"/>
  <testcase name="testAddBook" time="0.015" classname="databases.testing.BooksApiTest"/>
  <testcase name="testAddBook" time="0.01" classname="databases.testing.BooksApiTest"/>
  <testcase name="testAddBook" time="0.01" classname="databases.testing.BooksApiTest"/>
  <testcase name="testAddBook" time="0.011" classname="databases.testing.BooksApiTest"/>
  <testcase name="testAddBook" time="0.014" classname="databases.testing.BooksApiTest"/>
  <testcase name="testAddBook" time="0.01" classname="databases.testing.BooksApiTest"/>
  <testcase name="testAddBook" time="0.011" classname="databases.testing.BooksApiTest"/>
  <testcase name="testAddBook" time="0.014" classname="databases.testing.BooksApiTest"/>
  <testcase name="testAddBook" time="0.013" classname="databases.testing.BooksApiTest"/>
  <testcase name="testAddBook" time="0.013" classname="databases.testing.BooksApiTest"/>
  <testcase name="testAddBook" time="0.01" classname="databases.testing.BooksApiTest"/>
  <testcase name="testAddBook" time="0.009" classname="databases.testing.BooksApiTest"/>
  <testcase name="testAddBook" time="0.009" classname="databases.testing.BooksApiTest"/>
  <testcase name="testAddBook" time="0.013" classname="databases.testing.BooksApiTest"/>
  <testcase name="testAddBook" time="0.034" classname="databases.testing.BooksApiTest"/>
  <testcase name="testAddBook" time="0.014" classname="databases.testing.BooksApiTest"/>
  <testcase name="testAddBook" time="0.012" classname="databases.testing.BooksApiTest"/>
  <testcase name="testAddBook" time="0.01" classname="databases.testing.BooksApiTest"/>
  <testcase name="testAddBook" time="0.01" classname="databases.testing.BooksApiTest"/>
  <testcase name="testAddBook" time="0.009" classname="databases.testing.BooksApiTest"/>
  <testcase name="testAddBook" time="0.011" classname="databases.testing.BooksApiTest"/>
  <testcase name="testAddBook" time="0.012" classname="databases.testing.BooksApiTest"/>
  <testcase name="testAddBook" time="0.009" classname="databases.testing.BooksApiTest"/>
  <testcase name="testAddBook" time="0.012" classname="databases.testing.BooksApiTest"/>
  <testcase name="testAddBook" time="0.012" classname="databases.testing.BooksApiTest"/>
  <testcase name="testAddBook" time="0.011" classname="databases.testing.BooksApiTest"/>
  <testcase name="testAddBook" time="0.012" classname="databases.testing.BooksApiTest"/>
  <testcase name="testAddBook" time="0.012" classname="databases.testing.BooksApiTest"/>
  <testcase name="testAddBook" time="0.012" classname="databases.testing.BooksApiTest"/>
  <testcase name="testAddBook" time="0.022" classname="databases.testing.BooksApiTest"/>
  <testcase name="testAddBook" time="0.015" classname="databases.testing.BooksApiTest"/>
  <testcase name="testAddBook" time="0.009" classname="databases.testing.BooksApiTest"/>
  <testcase name="testAddBook" time="0.007" classname="databases.testing.BooksApiTest"/>
  <testcase name="testAddBook" time="0.01" classname="databases.testing.BooksApiTest"/>
  <testcase name="testAddBook" time="0.009" classname="databases.testing.BooksApiTest"/>
  <testcase name="testAddBook" time="0.011" classname="databases.testing.BooksApiTest"/>
  <testcase name="testAddBook" time="0.009" classname="databases.testing.BooksApiTest"/>
  <testcase name="testAddBook" time="0.013" classname="databases.testing.BooksApiTest"/>
  <testcase name="testAddBook" time="0.011" classname="databases.testing.BooksApiTest"/>
  <testcase name="testAddBook" time="0.009" classname="databases.testing.BooksApiTest"/>
  <testcase name="testAddBook" time="0.007" classname="databases.testing.BooksApiTest"/>
  <testcase name="testAddBook" time="0.009" classname="databases.testing.BooksApiTest"/>
  <testcase name="testAddBook" time="0.011" classname="databases.testing.BooksApiTest"/>
  <testcase name="testAddBook" time="0.011" classname="databases.testing.BooksApiTest"/>
  <testcase name="testAddBook" time="0.01" classname="databases.testing.BooksApiTest"/>
  <testcase name="testAddBook" time="0.017" classname="databases.testing.BooksApiTest"/>
  <testcase name="testAddBook" time="0.02" classname="databases.testing.BooksApiTest"/>
  <testcase name="testAddBook" time="0.016" classname="databases.testing.BooksApiTest"/>
  <testcase name="testAddBook" time="0.012" classname="databases.testing.BooksApiTest"/>
  <testcase name="testAddBook" time="0.013" classname="databases.testing.BooksApiTest"/>
  <testcase name="testAddBook" time="0.032" classname="databases.testing.BooksApiTest"/>
  <testcase name="testAddBook" time="0.05" classname="databases.testing.BooksApiTest"/>
  <testcase name="testAddBook" time="0.012" classname="databases.testing.BooksApiTest"/>
  <testcase name="testAddBook" time="0.021" classname="databases.testing.BooksApiTest"/>
  <testcase name="testAddBook" time="0.009" classname="databases.testing.BooksApiTest"/>
  <testcase name="testAddBook" time="0.009" classname="databases.testing.BooksApiTest"/>
  <testcase name="testAddBook" time="0.014" classname="databases.testing.BooksApiTest"/>
  <testcase name="testAddBook" time="0.043" classname="databases.testing.BooksApiTest"/>
  <testcase name="testAddBook" time="0.014" classname="databases.testing.BooksApiTest"/>
  <testcase name="testAddBook" time="0.009" classname="databases.testing.BooksApiTest"/>
  <testcase name="testAddBook" time="0.008" classname="databases.testing.BooksApiTest"/>
  <testcase name="testAddBook" time="0.007" classname="databases.testing.BooksApiTest"/>
  <testcase name="testAddBook" time="0.006" classname="databases.testing.BooksApiTest"/>
  <testcase name="testAddBook" time="0.007" classname="databases.testing.BooksApiTest"/>
  <testcase name="testAddBook" time="0.011" classname="databases.testing.BooksApiTest"/>
  <testcase name="testAddBook" time="0.014" classname="databases.testing.BooksApiTest"/>
  <testcase name="testAddBook" time="0.01" classname="databases.testing.BooksApiTest"/>
  <testcase name="testAddBook" time="0.011" classname="databases.testing.BooksApiTest"/>
  <testcase name="testAddBook" time="0.009" classname="databases.testing.BooksApiTest"/>
  <testcase name="testAddBook" time="0.009" classname="databases.testing.BooksApiTest"/>
  <testcase name="testAddBook" time="0.008" classname="databases.testing.BooksApiTest"/>
  <testcase name="testAddBook" time="0.006" classname="databases.testing.BooksApiTest"/>
  <testcase name="testAddBook" time="0.007" classname="databases.testing.BooksApiTest"/>
  <testcase name="testAddBook" time="0.008" classname="databases.testing.BooksApiTest"/>
  <testcase name="testAddBook" time="0.01" classname="databases.testing.BooksApiTest"/>
  <testcase name="testAddBook" time="0.007" classname="databases.testing.BooksApiTest"/>
  <testcase name="testAddBook" time="0.011" classname="databases.testing.BooksApiTest"/>
  <testcase name="testAddBook" time="0.008" classname="databases.testing.BooksApiTest"/>
  <testcase name="testAddBook" time="0.009" classname="databases.testing.BooksApiTest"/>
  <testcase name="testAddBook" time="0.009" classname="databases.testing.BooksApiTest"/>
  <testcase name="testAddBook" time="0.008" classname="databases.testing.BooksApiTest"/>
  <testcase name="testAddBook" time="0.008" classname="databases.testing.BooksApiTest"/>
  <testcase name="testAddBook" time="0.008" classname="databases.testing.BooksApiTest"/>
  <testcase name="testAddBook" time="0.017" classname="databases.testing.BooksApiTest"/>
  <testcase name="testAddBook" time="0.012" classname="databases.testing.BooksApiTest"/>
  <testcase name="testAddBook" time="0.008" classname="databases.testing.BooksApiTest"/>
  <testcase name="testAddBook" time="0.013" classname="databases.testing.BooksApiTest"/>
  <testcase name="testAddBook" time="0.013" classname="databases.testing.BooksApiTest"/>
  <testcase name="testAddBook" time="0.028" classname="databases.testing.BooksApiTest"/>
  <testcase name="testAddBook" time="0.013" classname="databases.testing.BooksApiTest"/>
  <testcase name="testAddBook" time="0.013" classname="databases.testing.BooksApiTest"/>
  <testcase name="testAddBook" time="0.007" classname="databases.testing.BooksApiTest"/>
  <testcase name="testAddBook" time="0.009" classname="databases.testing.BooksApiTest"/>
  <testcase name="testAddBook" time="0.007" classname="databases.testing.BooksApiTest"/>
  <testcase name="testAddBook" time="0.009" classname="databases.testing.BooksApiTest"/>
  <testcase name="testAddBook" time="0.007" classname="databases.testing.BooksApiTest"/>
  <testcase name="testAddBook" time="0.009" classname="databases.testing.BooksApiTest"/>
  <testcase name="testAddBook" time="0.012" classname="databases.testing.BooksApiTest"/>
  <testcase name="testAddBook" time="0.008" classname="databases.testing.BooksApiTest"/>
  <testcase name="testAddBook" time="0.01" classname="databases.testing.BooksApiTest"/>
  <testcase name="testAddBook" time="0.008" classname="databases.testing.BooksApiTest"/>
  <testcase name="testAddBook" time="0.01" classname="databases.testing.BooksApiTest"/>
  <testcase name="testAddBook" time="0.01" classname="databases.testing.BooksApiTest"/>
  <testcase name="testAddBook" time="0.01" classname="databases.testing.BooksApiTest"/>
  <testcase name="testAddBook" time="0.008" classname="databases.testing.BooksApiTest"/>
  <testcase name="testAddBook" time="0.008" classname="databases.testing.BooksApiTest"/>
  <testcase name="testAddBook" time="0.009" classname="databases.testing.BooksApiTest"/>
  <testcase name="testAddBook" time="0.008" classname="databases.testing.BooksApiTest"/>
  <testcase name="testAddBook" time="0.007" classname="databases.testing.BooksApiTest"/>
  <testcase name="testAddBook" time="0.005" classname="databases.testing.BooksApiTest"/>
  <testcase name="testAddBook" time="0.008" classname="databases.testing.BooksApiTest"/>
  <testcase name="testAddBook" time="0.011" classname="databases.testing.BooksApiTest"/>
  <testcase name="testAddBook" time="0.006" classname="databases.testing.BooksApiTest"/>
  <testcase name="testAddBook" time="0.011" classname="databases.testing.BooksApiTest"/>
  <testcase name="testAddBook" time="0.01" classname="databases.testing.BooksApiTest"/>
  <testcase name="testAddBook" time="0.014" classname="databases.testing.BooksApiTest"/>
  <testcase name="testAddBook" time="0.013" classname="databases.testing.BooksApiTest"/>
  <testcase name="testAddBook" time="0.014" classname="databases.testing.BooksApiTest"/>
  <testcase name="testAddBook" time="0.01" classname="databases.testing.BooksApiTest"/>
  <testcase name="testAddBook" time="0.011" classname="databases.testing.BooksApiTest"/>
  <testcase name="testAddBook" time="0.011" classname="databases.testing.BooksApiTest"/>
  <testcase name="testAddBook" time="0.011" classname="databases.testing.BooksApiTest"/>
  <testcase name="testAddBook" time="0.008" classname="databases.testing.BooksApiTest"/>
  <testcase name="testAddBook" time="0.007" classname="databases.testing.BooksApiTest"/>
  <testcase name="testAddBook" time="0.006" classname="databases.testing.BooksApiTest"/>
  <testcase name="testAddBook" time="0.009" classname="databases.testing.BooksApiTest"/>
  <testcase name="testAddBook" time="0.012" classname="databases.testing.BooksApiTest"/>
  <testcase name="testAddBook" time="0.018" classname="databases.testing.BooksApiTest"/>
  <testcase name="testAddBook" time="0.009" classname="databases.testing.BooksApiTest"/>
  <testcase name="testAddBook" time="0.016" classname="databases.testing.BooksApiTest"/>
  <testcase name="testAddBook" time="0.009" classname="databases.testing.BooksApiTest"/>
  <testcase name="testAddBook" time="0.008" classname="databases.testing.BooksApiTest"/>
  <testcase name="testAddBook" time="0.014" classname="databases.testing.BooksApiTest"/>
  <testcase name="testAddBook" time="0.017" classname="databases.testing.BooksApiTest"/>
  <testcase name="testAddBook" time="0.008" classname="databases.testing.BooksApiTest"/>
  <testcase name="testAddBook" time="0.007" classname="databases.testing.BooksApiTest"/>
  <testcase name="testAddBook" time="0.007" classname="databases.testing.BooksApiTest"/>
  <testcase name="testAddBook" time="0.006" classname="databases.testing.BooksApiTest"/>
  <testcase name="testAddBook" time="0.008" classname="databases.testing.BooksApiTest"/>
  <testcase name="testAddBook" time="0.009" classname="databases.testing.BooksApiTest"/>
  <testcase name="testAddBook" time="0.008" classname="databases.testing.BooksApiTest"/>
  <testcase name="testAddBook" time="0.009" classname="databases.testing.BooksApiTest"/>
  <testcase name="testAddBook" time="0.011" classname="databases.testing.BooksApiTest"/>
  <testcase name="testAddBook" time="0.008" classname="databases.testing.BooksApiTest"/>
  <testcase name="testAddBook" time="0.011" classname="databases.testing.BooksApiTest"/>
  <testcase name="testAddBook" time="0.012" classname="databases.testing.BooksApiTest"/>
  <testcase name="testAddBook" time="0.007" classname="databases.testing.BooksApiTest"/>
  <testcase name="testAddBook" time="0.009" classname="databases.testing.BooksApiTest"/>
  <testcase name="testAddBook" time="0.006" classname="databases.testing.BooksApiTest"/>
  <testcase name="testAddBook" time="0.011" classname="databases.testing.BooksApiTest"/>
  <testcase name="testAddBook" time="0.014" classname="databases.testing.BooksApiTest"/>
  <testcase name="testAddBook" time="0.011" classname="databases.testing.BooksApiTest"/>
  <testcase name="testAddBook" time="0.015" classname="databases.testing.BooksApiTest"/>
  <testcase name="testAddBook" time="0.023" classname="databases.testing.BooksApiTest"/>
  <testcase name="testAddBook" time="0.008" classname="databases.testing.BooksApiTest"/>
  <testcase name="testAddBook" time="0.009" classname="databases.testing.BooksApiTest"/>
  <testcase name="testAddBook" time="0.008" classname="databases.testing.BooksApiTest"/>
  <testcase name="testAddBook" time="0.011" classname="databases.testing.BooksApiTest"/>
  <testcase name="testAddBook" time="0.02" classname="databases.testing.BooksApiTest"/>
  <testcase name="testAddBook" time="0.012" classname="databases.testing.BooksApiTest"/>
  <testcase name="testAddBook" time="0.01" classname="databases.testing.BooksApiTest"/>
  <testcase name="testAddBook" time="0.007" classname="databases.testing.BooksApiTest"/>
  <testcase name="testAddBook" time="0.007" classname="databases.testing.BooksApiTest"/>
  <testcase name="testAddBook" time="0.006" classname="databases.testing.BooksApiTest"/>
  <testcase name="testAddBook" time="0.007" classname="databases.testing.BooksApiTest"/>
  <testcase name="testAddBook" time="0.017" classname="databases.testing.BooksApiTest"/>
  <testcase name="testAddBook" time="0.015" classname="databases.testing.BooksApiTest"/>
  <testcase name="testAddBook" time="0.009" classname="databases.testing.BooksApiTest"/>
  <testcase name="testAddBook" time="0.009" classname="databases.testing.BooksApiTest"/>
  <testcase name="testAddBook" time="0.008" classname="databases.testing.BooksApiTest"/>
  <testcase name="testAddBook" time="0.009" classname="databases.testing.BooksApiTest"/>
  <testcase name="testAddBook" time="0.005" classname="databases.testing.BooksApiTest"/>
  <testcase name="testAddBook" time="0.008" classname="databases.testing.BooksApiTest"/>
  <testcase name="testAddBook" time="0.008" classname="databases.testing.BooksApiTest"/>
  <testcase name="testAddBook" time="0.009" classname="databases.testing.BooksApiTest"/>
  <testcase name="testAddBook" time="0.011" classname="databases.testing.BooksApiTest"/>
  <testcase name="testAddBook" time="0.03" classname="databases.testing.BooksApiTest"/>
  <testcase name="testAddBook" time="0.024" classname="databases.testing.BooksApiTest"/>
  <testcase name="testAddBook" time="0.011" classname="databases.testing.BooksApiTest"/>
  <testcase name="testAddBook" time="0.015" classname="databases.testing.BooksApiTest"/>
  <testcase name="testPutBook" time="0.159" classname="databases.testing.BooksApiTest"/>
  <testcase name="testPutBook" time="0.062" classname="databases.testing.BooksApiTest"/>
  <testcase name="testPutBook" time="0.119" classname="databases.testing.BooksApiTest"/>
  <testcase name="testPutBook" time="0.08" classname="databases.testing.BooksApiTest"/>
  <testcase name="testPutBook" time="0.112" classname="databases.testing.BooksApiTest"/>
  <testcase name="testPutBook" time="0.103" classname="databases.testing.BooksApiTest"/>
  <testcase name="testPutBook" time="0.067" classname="databases.testing.BooksApiTest"/>
  <testcase name="testPutBook" time="0.142" classname="databases.testing.BooksApiTest"/>
  <testcase name="testPutBook" time="0.052" classname="databases.testing.BooksApiTest"/>
  <testcase name="testPutBook" time="0.032" classname="databases.testing.BooksApiTest"/>
  <testcase name="testPutBook" time="0.031" classname="databases.testing.BooksApiTest"/>
  <testcase name="testPutBook" time="0.074" classname="databases.testing.BooksApiTest"/>
  <testcase name="testPutBook" time="0.064" classname="databases.testing.BooksApiTest"/>
  <testcase name="testPutBook" time="0.054" classname="databases.testing.BooksApiTest"/>
  <testcase name="testPutBook" time="0.082" classname="databases.testing.BooksApiTest"/>
  <testcase name="testPutBook" time="0.036" classname="databases.testing.BooksApiTest"/>
  <testcase name="testPutBook" time="0.045" classname="databases.testing.BooksApiTest"/>
  <testcase name="testPutBook" time="0.035" classname="databases.testing.BooksApiTest"/>
  <testcase name="testPutBook" time="0.04" classname="databases.testing.BooksApiTest"/>
  <testcase name="testPutBook" time="0.033" classname="databases.testing.BooksApiTest"/>
  <testcase name="testPutBook" time="0.077" classname="databases.testing.BooksApiTest"/>
  <testcase name="testPutBook" time="0.035" classname="databases.testing.BooksApiTest"/>
  <testcase name="testPutBook" time="0.065" classname="databases.testing.BooksApiTest"/>
  <testcase name="testPutBook" time="0.075" classname="databases.testing.BooksApiTest"/>
  <testcase name="testPutBook" time="0.049" classname="databases.testing.BooksApiTest"/>
  <testcase name="testPutBook" time="0.034" classname="databases.testing.BooksApiTest"/>
  <testcase name="testPutBook" time="0.029" classname="databases.testing.BooksApiTest"/>
  <testcase name="testPutBook" time="0.029" classname="databases.testing.BooksApiTest"/>
  <testcase name="testPutBook" time="0.042" classname="databases.testing.BooksApiTest"/>
  <testcase name="testPutBook" time="0.031" classname="databases.testing.BooksApiTest"/>
  <testcase name="testPutBook" time="0.088" classname="databases.testing.BooksApiTest"/>
  <testcase name="testPutBook" time="0.034" classname="databases.testing.BooksApiTest"/>
  <testcase name="testPutBook" time="0.026" classname="databases.testing.BooksApiTest"/>
  <testcase name="testPutBook" time="0.03" classname="databases.testing.BooksApiTest"/>
  <testcase name="testPutBook" time="0.031" classname="databases.testing.BooksApiTest"/>
  <testcase name="testPutBook" time="0.029" classname="databases.testing.BooksApiTest"/>
  <testcase name="testPutBook" time="0.062" classname="databases.testing.BooksApiTest"/>
  <testcase name="testPutBook" time="0.069" classname="databases.testing.BooksApiTest"/>
  <testcase name="testPutBook" time="0.043" classname="databases.testing.BooksApiTest"/>
  <testcase name="testPutBook" time="0.077" classname="databases.testing.BooksApiTest"/>
  <testcase name="testPutBook" time="0.07" classname="databases.testing.BooksApiTest"/>
  <testcase name="testPutBook" time="0.032" classname="databases.testing.BooksApiTest"/>
  <testcase name="testPutBook" time="0.026" classname="databases.testing.BooksApiTest"/>
  <testcase name="testPutBook" time="0.032" classname="databases.testing.BooksApiTest"/>
  <testcase name="testPutBook" time="0.048" classname="databases.testing.BooksApiTest"/>
  <testcase name="testPutBook" time="0.03" classname="databases.testing.BooksApiTest"/>
  <testcase name="testPutBook" time="0.034" classname="databases.testing.BooksApiTest"/>
  <testcase name="testPutBook" time="0.042" classname="databases.testing.BooksApiTest"/>
  <testcase name="testPutBook" time="0.024" classname="databases.testing.BooksApiTest"/>
  <testcase name="testPutBook" time="0.033" classname="databases.testing.BooksApiTest"/>
  <testcase name="testPutBook" time="0.029" classname="databases.testing.BooksApiTest"/>
  <testcase name="testPutBook" time="0.038" classname="databases.testing.BooksApiTest"/>
  <testcase name="testPutBook" time="0.038" classname="databases.testing.BooksApiTest"/>
  <testcase name="testPutBook" time="0.278" classname="databases.testing.BooksApiTest"/>
  <testcase name="testPutBook" time="0.169" classname="databases.testing.BooksApiTest"/>
  <testcase name="testPutBook" time="0.035" classname="databases.testing.BooksApiTest"/>
  <testcase name="testPutBook" time="0.062" classname="databases.testing.BooksApiTest"/>
  <testcase name="testPutBook" time="0.042" classname="databases.testing.BooksApiTest"/>
  <testcase name="testPutBook" time="0.053" classname="databases.testing.BooksApiTest"/>
  <testcase name="testPutBook" time="0.033" classname="databases.testing.BooksApiTest"/>
  <testcase name="testPutBook" time="0.033" classname="databases.testing.BooksApiTest"/>
  <testcase name="testPutBook" time="0.069" classname="databases.testing.BooksApiTest"/>
  <testcase name="testPutBook" time="0.077" classname="databases.testing.BooksApiTest"/>
  <testcase name="testPutBook" time="0.05" classname="databases.testing.BooksApiTest"/>
  <testcase name="testPutBook" time="0.025" classname="databases.testing.BooksApiTest"/>
  <testcase name="testPutBook" time="0.028" classname="databases.testing.BooksApiTest"/>
  <testcase name="testPutBook" time="0.052" classname="databases.testing.BooksApiTest"/>
  <testcase name="testPutBook" time="0.023" classname="databases.testing.BooksApiTest"/>
  <testcase name="testPutBook" time="0.018" classname="databases.testing.BooksApiTest"/>
  <testcase name="testPutBook" time="0.023" classname="databases.testing.BooksApiTest"/>
  <testcase name="testPutBook" time="0.037" classname="databases.testing.BooksApiTest"/>
  <testcase name="testPutBook" time="0.027" classname="databases.testing.BooksApiTest"/>
  <testcase name="testPutBook" time="0.021" classname="databases.testing.BooksApiTest"/>
  <testcase name="testPutBook" time="0.02" classname="databases.testing.BooksApiTest"/>
  <testcase name="testPutBook" time="0.025" classname="databases.testing.BooksApiTest"/>
  <testcase name="testPutBook" time="0.026" classname="databases.testing.BooksApiTest"/>
  <testcase name="testPutBook" time="0.026" classname="databases.testing.BooksApiTest"/>
  <testcase name="testPutBook" time="0.02" classname="databases.testing.BooksApiTest"/>
  <testcase name="testPutBook" time="0.03" classname="databases.testing.BooksApiTest"/>
  <testcase name="testPutBook" time="0.027" classname="databases.testing.BooksApiTest"/>
  <testcase name="testPutBook" time="0.028" classname="databases.testing.BooksApiTest"/>
  <testcase name="testPutBook" time="0.02" classname="databases.testing.BooksApiTest"/>
  <testcase name="testPutBook" time="0.022" classname="databases.testing.BooksApiTest"/>
  <testcase name="testPutBook" time="0.021" classname="databases.testing.BooksApiTest"/>
  <testcase name="testPutBook" time="0.015" classname="databases.testing.BooksApiTest"/>
  <testcase name="testPutBook" time="0.016" classname="databases.testing.BooksApiTest"/>
  <testcase name="testPutBook" time="0.05" classname="databases.testing.BooksApiTest"/>
  <testcase name="testPutBook" time="0.08" classname="databases.testing.BooksApiTest"/>
  <testcase name="testPutBook" time="0.024" classname="databases.testing.BooksApiTest"/>
  <testcase name="testPutBook" time="0.029" classname="databases.testing.BooksApiTest"/>
  <testcase name="testPutBook" time="0.05" classname="databases.testing.BooksApiTest"/>
  <testcase name="testPutBook" time="0.027" classname="databases.testing.BooksApiTest"/>
  <testcase name="testPutBook" time="0.037" classname="databases.testing.BooksApiTest"/>
  <testcase name="testPutBook" time="0.117" classname="databases.testing.BooksApiTest"/>
  <testcase name="testPutBook" time="0.025" classname="databases.testing.BooksApiTest"/>
  <testcase name="testPutBook" time="0.024" classname="databases.testing.BooksApiTest"/>
  <testcase name="testPutBook" time="0.045" classname="databases.testing.BooksApiTest"/>
  <testcase name="testPutBook" time="0.027" classname="databases.testing.BooksApiTest"/>
  <testcase name="testPutBook" time="0.026" classname="databases.testing.BooksApiTest"/>
  <testcase name="testPutBook" time="0.025" classname="databases.testing.BooksApiTest"/>
  <testcase name="testPutBook" time="0.085" classname="databases.testing.BooksApiTest"/>
  <testcase name="testPutBook" time="0.039" classname="databases.testing.BooksApiTest"/>
  <testcase name="testPutBook" time="0.054" classname="databases.testing.BooksApiTest"/>
  <testcase name="testPutBook" time="0.025" classname="databases.testing.BooksApiTest"/>
  <testcase name="testPutBook" time="0.022" classname="databases.testing.BooksApiTest"/>
  <testcase name="testPutBook" time="0.019" classname="databases.testing.BooksApiTest"/>
  <testcase name="testPutBook" time="0.097" classname="databases.testing.BooksApiTest"/>
  <testcase name="testPutBook" time="0.031" classname="databases.testing.BooksApiTest"/>
  <testcase name="testPutBook" time="0.046" classname="databases.testing.BooksApiTest"/>
  <testcase name="testPutBook" time="0.016" classname="databases.testing.BooksApiTest"/>
  <testcase name="testPutBook" time="0.021" classname="databases.testing.BooksApiTest"/>
  <testcase name="testPutBook" time="0.029" classname="databases.testing.BooksApiTest"/>
  <testcase name="testPutBook" time="0.021" classname="databases.testing.BooksApiTest"/>
  <testcase name="testPutBook" time="0.022" classname="databases.testing.BooksApiTest"/>
  <testcase name="testPutBook" time="0.019" classname="databases.testing.BooksApiTest"/>
  <testcase name="testPutBook" time="0.018" classname="databases.testing.BooksApiTest"/>
  <testcase name="testPutBook" time="0.019" classname="databases.testing.BooksApiTest"/>
  <testcase name="testPutBook" time="0.021" classname="databases.testing.BooksApiTest"/>
  <testcase name="testPutBook" time="0.032" classname="databases.testing.BooksApiTest"/>
  <testcase name="testPutBook" time="0.028" classname="databases.testing.BooksApiTest"/>
  <testcase name="testPutBook" time="0.026" classname="databases.testing.BooksApiTest"/>
  <testcase name="testPutBook" time="0.029" classname="databases.testing.BooksApiTest"/>
  <testcase name="testPutBook" time="0.031" classname="databases.testing.BooksApiTest"/>
  <testcase name="testPutBook" time="0.045" classname="databases.testing.BooksApiTest"/>
  <testcase name="testPutBook" time="0.024" classname="databases.testing.BooksApiTest"/>
  <testcase name="testPutBook" time="0.023" classname="databases.testing.BooksApiTest"/>
  <testcase name="testPutBook" time="0.027" classname="databases.testing.BooksApiTest"/>
  <testcase name="testPutBook" time="0.022" classname="databases.testing.BooksApiTest"/>
  <testcase name="testPutBook" time="0.022" classname="databases.testing.BooksApiTest"/>
  <testcase name="testPutBook" time="0.029" classname="databases.testing.BooksApiTest"/>
  <testcase name="testPutBook" time="0.023" classname="databases.testing.BooksApiTest"/>
  <testcase name="testPutBook" time="0.021" classname="databases.testing.BooksApiTest"/>
  <testcase name="testPutBook" time="0.026" classname="databases.testing.BooksApiTest"/>
  <testcase name="testPutBook" time="0.025" classname="databases.testing.BooksApiTest"/>
  <testcase name="testPutBook" time="0.028" classname="databases.testing.BooksApiTest"/>
  <testcase name="testPutBook" time="0.024" classname="databases.testing.BooksApiTest"/>
  <testcase name="testPutBook" time="0.029" classname="databases.testing.BooksApiTest"/>
  <testcase name="testPutBook" time="0.023" classname="databases.testing.BooksApiTest"/>
  <testcase name="testPutBook" time="0.021" classname="databases.testing.BooksApiTest"/>
  <testcase name="testPutBook" time="0.026" classname="databases.testing.BooksApiTest"/>
  <testcase name="testPutBook" time="0.027" classname="databases.testing.BooksApiTest"/>
  <testcase name="testPutBook" time="0.038" classname="databases.testing.BooksApiTest"/>
  <testcase name="testPutBook" time="0.02" classname="databases.testing.BooksApiTest"/>
  <testcase name="testPutBook" time="0.036" classname="databases.testing.BooksApiTest"/>
  <testcase name="testPutBook" time="0.029" classname="databases.testing.BooksApiTest"/>
  <testcase name="testPutBook" time="0.049" classname="databases.testing.BooksApiTest"/>
  <testcase name="testPutBook" time="0.048" classname="databases.testing.BooksApiTest"/>
  <testcase name="testPutBook" time="0.021" classname="databases.testing.BooksApiTest"/>
  <testcase name="testPutBook" time="0.016" classname="databases.testing.BooksApiTest"/>
  <testcase name="testPutBook" time="0.02" classname="databases.testing.BooksApiTest"/>
  <testcase name="testPutBook" time="0.026" classname="databases.testing.BooksApiTest"/>
  <testcase name="testPutBook" time="0.021" classname="databases.testing.BooksApiTest"/>
  <testcase name="testPutBook" time="0.022" classname="databases.testing.BooksApiTest"/>
  <testcase name="testPutBook" time="0.02" classname="databases.testing.BooksApiTest"/>
  <testcase name="testPutBook" time="0.015" classname="databases.testing.BooksApiTest"/>
  <testcase name="testPutBook" time="0.017" classname="databases.testing.BooksApiTest"/>
  <testcase name="testPutBook" time="0.023" classname="databases.testing.BooksApiTest"/>
  <testcase name="testPutBook" time="0.017" classname="databases.testing.BooksApiTest"/>
  <testcase name="testPutBook" time="0.02" classname="databases.testing.BooksApiTest"/>
  <testcase name="testPutBook" time="0.024" classname="databases.testing.BooksApiTest"/>
  <testcase name="testPutBook" time="0.024" classname="databases.testing.BooksApiTest"/>
  <testcase name="testPutBook" time="0.018" classname="databases.testing.BooksApiTest"/>
  <testcase name="testPutBook" time="0.019" classname="databases.testing.BooksApiTest"/>
  <testcase name="testPutBook" time="0.016" classname="databases.testing.BooksApiTest"/>
  <testcase name="testPutBook" time="0.018" classname="databases.testing.BooksApiTest"/>
  <testcase name="testPutBook" time="0.036" classname="databases.testing.BooksApiTest"/>
  <testcase name="testPutBook" time="0.028" classname="databases.testing.BooksApiTest"/>
  <testcase name="testPutBook" time="0.021" classname="databases.testing.BooksApiTest"/>
  <testcase name="testPutBook" time="0.023" classname="databases.testing.BooksApiTest"/>
  <testcase name="testPutBook" time="0.023" classname="databases.testing.BooksApiTest"/>
  <testcase name="testPutBook" time="0.016" classname="databases.testing.BooksApiTest"/>
  <testcase name="testPutBook" time="0.018" classname="databases.testing.BooksApiTest"/>
  <testcase name="testPutBook" time="0.014" classname="databases.testing.BooksApiTest"/>
  <testcase name="testPutBook" time="0.015" classname="databases.testing.BooksApiTest"/>
  <testcase name="testPutBook" time="0.016" classname="databases.testing.BooksApiTest"/>
  <testcase name="testPutBook" time="0.018" classname="databases.testing.BooksApiTest"/>
  <testcase name="testPutBook" time="0.015" classname="databases.testing.BooksApiTest"/>
  <testcase name="testPutBook" time="0.015" classname="databases.testing.BooksApiTest"/>
  <testcase name="testPutBook" time="0.021" classname="databases.testing.BooksApiTest"/>
  <testcase name="testPutBook" time="0.017" classname="databases.testing.BooksApiTest"/>
  <testcase name="testPutBook" time="0.021" classname="databases.testing.BooksApiTest"/>
  <testcase name="testPutBook" time="0.022" classname="databases.testing.BooksApiTest"/>
  <testcase name="testPutBook" time="0.017" classname="databases.testing.BooksApiTest"/>
  <testcase name="testPutBook" time="0.018" classname="databases.testing.BooksApiTest"/>
  <testcase name="testPutBook" time="0.021" classname="databases.testing.BooksApiTest"/>
  <testcase name="testPutBook" time="0.021" classname="databases.testing.BooksApiTest"/>
  <testcase name="testPutBook" time="0.019" classname="databases.testing.BooksApiTest"/>
  <testcase name="testPutBook" time="0.02" classname="databases.testing.BooksApiTest"/>
  <testcase name="testPutBook" time="0.016" classname="databases.testing.BooksApiTest"/>
  <testcase name="testPutBook" time="0.018" classname="databases.testing.BooksApiTest"/>
  <testcase name="testPutBook" time="0.018" classname="databases.testing.BooksApiTest"/>
  <testcase name="testPutBook" time="0.03" classname="databases.testing.BooksApiTest"/>
  <testcase name="testPutBook" time="0.028" classname="databases.testing.BooksApiTest"/>
  <testcase name="testPutBook" time="0.027" classname="databases.testing.BooksApiTest"/>
  <testcase name="testPutBook" time="0.021" classname="databases.testing.BooksApiTest"/>
  <testcase name="testPutBook" time="0.02" classname="databases.testing.BooksApiTest"/>
  <testcase name="testPutBook" time="0.018" classname="databases.testing.BooksApiTest"/>
  <testcase name="testPutBook" time="0.023" classname="databases.testing.BooksApiTest"/>
  <testcase name="testPutBook" time="0.021" classname="databases.testing.BooksApiTest"/>
  <testcase name="testPutBook" time="0.017" classname="databases.testing.BooksApiTest"/>
  <testcase name="testPutBook" time="0.015" classname="databases.testing.BooksApiTest"/>
  <testcase name="testPutBook" time="0.018" classname="databases.testing.BooksApiTest"/>
  <testcase name="testPutBook" time="0.019" classname="databases.testing.BooksApiTest"/>
  <testcase name="testPutBook" time="0.022" classname="databases.testing.BooksApiTest"/>
  <testcase name="testPutBook" time="0.02" classname="databases.testing.BooksApiTest"/>
  <testcase name="testPutBook" time="0.019" classname="databases.testing.BooksApiTest"/>
  <testcase name="testPutBook" time="0.018" classname="databases.testing.BooksApiTest"/>
  <testcase name="testPutBook" time="0.016" classname="databases.testing.BooksApiTest"/>
  <testcase name="testPutBook" time="0.017" classname="databases.testing.BooksApiTest"/>
  <testcase name="testPutBook" time="0.02" classname="databases.testing.BooksApiTest"/>
  <testcase name="testPutBook" time="0.02" classname="databases.testing.BooksApiTest"/>
  <testcase name="testPutBook" time="0.019" classname="databases.testing.BooksApiTest"/>
  <testcase name="testPutBook" time="0.02" classname="databases.testing.BooksApiTest"/>
  <testcase name="testPutBook" time="0.016" classname="databases.testing.BooksApiTest"/>
  <testcase name="testPutBook" time="0.015" classname="databases.testing.BooksApiTest"/>
  <testcase name="testPutBook" time="0.025" classname="databases.testing.BooksApiTest"/>
  <testcase name="testPutBook" time="0.018" classname="databases.testing.BooksApiTest"/>
  <testcase name="testPutBook" time="0.021" classname="databases.testing.BooksApiTest"/>
  <testcase name="testPutBook" time="0.026" classname="databases.testing.BooksApiTest"/>
  <testcase name="testPutBook" time="0.022" classname="databases.testing.BooksApiTest"/>
  <testcase name="testPutBook" time="0.022" classname="databases.testing.BooksApiTest"/>
  <testcase name="testPutBook" time="0.049" classname="databases.testing.BooksApiTest"/>
  <testcase name="testPutBook" time="0.103" classname="databases.testing.BooksApiTest"/>
  <testcase name="testPutBook" time="0.082" classname="databases.testing.BooksApiTest"/>
  <testcase name="testPutBook" time="0.017" classname="databases.testing.BooksApiTest"/>
  <testcase name="testPutBook" time="0.016" classname="databases.testing.BooksApiTest"/>
  <testcase name="testPutBook" time="0.018" classname="databases.testing.BooksApiTest"/>
  <testcase name="testPutBook" time="0.02" classname="databases.testing.BooksApiTest"/>
  <testcase name="testPutBook" time="0.023" classname="databases.testing.BooksApiTest"/>
  <testcase name="testPutBook" time="0.018" classname="databases.testing.BooksApiTest"/>
  <testcase name="testPutBook" time="0.019" classname="databases.testing.BooksApiTest"/>
  <testcase name="testPutBook" time="0.018" classname="databases.testing.BooksApiTest"/>
  <testcase name="testPutBook" time="0.019" classname="databases.testing.BooksApiTest"/>
  <testcase name="testPutBook" time="0.016" classname="databases.testing.BooksApiTest"/>
  <testcase name="testPutBook" time="0.025" classname="databases.testing.BooksApiTest"/>
  <testcase name="testPutBook" time="0.02" classname="databases.testing.BooksApiTest"/>
  <testcase name="testPutBook" time="0.016" classname="databases.testing.BooksApiTest"/>
  <testcase name="testPutBook" time="0.016" classname="databases.testing.BooksApiTest"/>
  <testcase name="testPutBook" time="0.021" classname="databases.testing.BooksApiTest"/>
  <testcase name="testPutBook" time="0.022" classname="databases.testing.BooksApiTest"/>
  <testcase name="testPutBook" time="0.019" classname="databases.testing.BooksApiTest"/>
  <testcase name="testPutBook" time="0.03" classname="databases.testing.BooksApiTest"/>
  <testcase name="testPutBook" time="0.018" classname="databases.testing.BooksApiTest"/>
  <testcase name="testPutBook" time="0.024" classname="databases.testing.BooksApiTest"/>
  <testcase name="testPutBook" time="0.024" classname="databases.testing.BooksApiTest"/>
  <testcase name="testPutBook" time="0.024" classname="databases.testing.BooksApiTest"/>
  <testcase name="testPutBook" time="0.019" classname="databases.testing.BooksApiTest"/>
  <testcase name="testPutBook" time="0.017" classname="databases.testing.BooksApiTest"/>
  <testcase name="testPutBook" time="0.014" classname="databases.testing.BooksApiTest"/>
  <testcase name="testPutBook" time="0.017" classname="databases.testing.BooksApiTest"/>
  <testcase name="testPutBook" time="0.018" classname="databases.testing.BooksApiTest"/>
  <testcase name="testPutBook" time="0.019" classname="databases.testing.BooksApiTest"/>
  <testcase name="testPutBook" time="0.018" classname="databases.testing.BooksApiTest"/>
  <testcase name="testPutBook" time="0.019" classname="databases.testing.BooksApiTest"/>
  <testcase name="testPutBook" time="0.015" classname="databases.testing.BooksApiTest"/>
  <testcase name="testPutBook" time="0.05" classname="databases.testing.BooksApiTest"/>
  <testcase name="testPutBook" time="0.02" classname="databases.testing.BooksApiTest"/>
  <testcase name="testPutBook" time="0.022" classname="databases.testing.BooksApiTest"/>
  <testcase name="testPutBook" time="0.018" classname="databases.testing.BooksApiTest"/>
  <testcase name="testPutBook" time="0.023" classname="databases.testing.BooksApiTest"/>
  <testcase name="testPutBook" time="0.022" classname="databases.testing.BooksApiTest"/>
  <testcase name="testPutBook" time="0.021" classname="databases.testing.BooksApiTest"/>
  <testcase name="testPutBook" time="0.02" classname="databases.testing.BooksApiTest"/>
  <testcase name="testPutBook" time="0.023" classname="databases.testing.BooksApiTest"/>
  <testcase name="testPutBook" time="0.04" classname="databases.testing.BooksApiTest"/>
  <testcase name="testPutBook" time="0.132" classname="databases.testing.BooksApiTest"/>
  <testcase name="testPutBook" time="0.148" classname="databases.testing.BooksApiTest"/>
  <testcase name="testPutBook" time="0.024" classname="databases.testing.BooksApiTest"/>
  <testcase name="testPutBook" time="0.083" classname="databases.testing.BooksApiTest"/>
  <testcase name="testPutBook" time="0.068" classname="databases.testing.BooksApiTest"/>
  <testcase name="testPutBook" time="0.042" classname="databases.testing.BooksApiTest"/>
  <testcase name="testPutBook" time="0.024" classname="databases.testing.BooksApiTest"/>
  <testcase name="testPutBook" time="0.02" classname="databases.testing.BooksApiTest"/>
  <testcase name="testPutBook" time="0.025" classname="databases.testing.BooksApiTest"/>
  <testcase name="testPutBook" time="0.033" classname="databases.testing.BooksApiTest"/>
  <testcase name="testPutBook" time="0.027" classname="databases.testing.BooksApiTest"/>
  <testcase name="testPutBook" time="0.022" classname="databases.testing.BooksApiTest"/>
  <testcase name="testPutBook" time="0.019" classname="databases.testing.BooksApiTest"/>
  <testcase name="testPutBook" time="0.018" classname="databases.testing.BooksApiTest"/>
  <testcase name="testPutBook" time="0.02" classname="databases.testing.BooksApiTest"/>
  <testcase name="testPutBook" time="0.028" classname="databases.testing.BooksApiTest"/>
  <testcase name="testPutBook" time="0.02" classname="databases.testing.BooksApiTest"/>
  <testcase name="testPutBook" time="0.036" classname="databases.testing.BooksApiTest"/>
  <testcase name="testPutBook" time="0.034" classname="databases.testing.BooksApiTest"/>
  <testcase name="testPutBook" time="0.071" classname="databases.testing.BooksApiTest"/>
  <testcase name="testPutBook" time="0.047" classname="databases.testing.BooksApiTest"/>
  <testcase name="testPutBook" time="0.028" classname="databases.testing.BooksApiTest"/>
  <testcase name="testPutBook" time="0.024" classname="databases.testing.BooksApiTest"/>
  <testcase name="testPutBook" time="0.037" classname="databases.testing.BooksApiTest"/>
  <testcase name="testPutBook" time="0.026" classname="databases.testing.BooksApiTest"/>
  <testcase name="testPutBook" time="0.036" classname="databases.testing.BooksApiTest"/>
  <testcase name="testPutBook" time="0.04" classname="databases.testing.BooksApiTest"/>
  <testcase name="testPutBook" time="0.031" classname="databases.testing.BooksApiTest"/>
  <testcase name="testPutBook" time="0.04" classname="databases.testing.BooksApiTest"/>
  <testcase name="testPutBook" time="0.022" classname="databases.testing.BooksApiTest"/>
  <testcase name="testPutBook" time="0.016" classname="databases.testing.BooksApiTest"/>
  <testcase name="testPutBook" time="0.018" classname="databases.testing.BooksApiTest"/>
  <testcase name="testPutBook" time="0.039" classname="databases.testing.BooksApiTest"/>
  <testcase name="testPutBook" time="0.025" classname="databases.testing.BooksApiTest"/>
  <testcase name="testPutBook" time="0.017" classname="databases.testing.BooksApiTest"/>
  <testcase name="testPutBook" time="0.016" classname="databases.testing.BooksApiTest"/>
  <testcase name="testPutBook" time="0.015" classname="databases.testing.BooksApiTest"/>
  <testcase name="testPutBook" time="0.027" classname="databases.testing.BooksApiTest"/>
  <testcase name="testPutBook" time="0.02" classname="databases.testing.BooksApiTest"/>
  <testcase name="testPutBook" time="0.025" classname="databases.testing.BooksApiTest"/>
  <testcase name="testPutBook" time="0.019" classname="databases.testing.BooksApiTest"/>
  <testcase name="testPutBook" time="0.016" classname="databases.testing.BooksApiTest"/>
  <testcase name="testPutBook" time="0.016" classname="databases.testing.BooksApiTest"/>
  <testcase name="testPutBook" time="0.015" classname="databases.testing.BooksApiTest"/>
  <testcase name="testPutBook" time="0.019" classname="databases.testing.BooksApiTest"/>
  <testcase name="testPutBook" time="0.018" classname="databases.testing.BooksApiTest"/>
  <testcase name="testPutBook" time="0.016" classname="databases.testing.BooksApiTest"/>
  <testcase name="testPutBook" time="0.017" classname="databases.testing.BooksApiTest"/>
  <testcase name="testPutBook" time="0.018" classname="databases.testing.BooksApiTest"/>
  <testcase name="testPutBook" time="0.016" classname="databases.testing.BooksApiTest"/>
  <testcase name="testPutBook" time="0.018" classname="databases.testing.BooksApiTest"/>
  <testcase name="testPutBook" time="0.017" classname="databases.testing.BooksApiTest"/>
  <testcase name="testPutBook" time="0.017" classname="databases.testing.BooksApiTest"/>
  <testcase name="testPutBook" time="0.016" classname="databases.testing.BooksApiTest"/>
  <testcase name="testPutBook" time="0.024" classname="databases.testing.BooksApiTest"/>
  <testcase name="testPutBook" time="0.02" classname="databases.testing.BooksApiTest"/>
  <testcase name="testPutBook" time="0.024" classname="databases.testing.BooksApiTest"/>
  <testcase name="testPutBook" time="0.022" classname="databases.testing.BooksApiTest"/>
  <testcase name="testPutBook" time="0.017" classname="databases.testing.BooksApiTest"/>
  <testcase name="testPutBook" time="0.02" classname="databases.testing.BooksApiTest"/>
  <testcase name="testPutBook" time="0.016" classname="databases.testing.BooksApiTest"/>
  <testcase name="testPutBook" time="0.016" classname="databases.testing.BooksApiTest"/>
  <testcase name="testPutBook" time="0.015" classname="databases.testing.BooksApiTest"/>
  <testcase name="testPutBook" time="0.015" classname="databases.testing.BooksApiTest"/>
  <testcase name="testPutBook" time="0.019" classname="databases.testing.BooksApiTest"/>
  <testcase name="testPutBook" time="0.017" classname="databases.testing.BooksApiTest"/>
  <testcase name="testPutBook" time="0.018" classname="databases.testing.BooksApiTest"/>
  <testcase name="testPutBook" time="0.019" classname="databases.testing.BooksApiTest"/>
  <testcase name="testPutBook" time="0.017" classname="databases.testing.BooksApiTest"/>
  <testcase name="testPutBook" time="0.021" classname="databases.testing.BooksApiTest"/>
  <testcase name="testPutBook" time="0.026" classname="databases.testing.BooksApiTest"/>
  <testcase name="testPutBook" time="0.016" classname="databases.testing.BooksApiTest"/>
  <testcase name="testPutBook" time="0.017" classname="databases.testing.BooksApiTest"/>
  <testcase name="testPutBook" time="0.029" classname="databases.testing.BooksApiTest"/>
  <testcase name="testPutBook" time="0.019" classname="databases.testing.BooksApiTest"/>
  <testcase name="testPutBook" time="0.016" classname="databases.testing.BooksApiTest"/>
  <testcase name="testPutBook" time="0.021" classname="databases.testing.BooksApiTest"/>
  <testcase name="testPutBook" time="0.021" classname="databases.testing.BooksApiTest"/>
  <testcase name="testPutBook" time="0.02" classname="databases.testing.BooksApiTest"/>
  <testcase name="testPutBook" time="0.03" classname="databases.testing.BooksApiTest"/>
  <testcase name="testPutBook" time="0.037" classname="databases.testing.BooksApiTest"/>
  <testcase name="testPutBook" time="0.033" classname="databases.testing.BooksApiTest"/>
  <testcase name="testPutBook" time="0.023" classname="databases.testing.BooksApiTest"/>
  <testcase name="testPutBook" time="0.045" classname="databases.testing.BooksApiTest"/>
  <testcase name="testPutBook" time="0.019" classname="databases.testing.BooksApiTest"/>
  <testcase name="testPutBook" time="0.02" classname="databases.testing.BooksApiTest"/>
  <testcase name="testPutBook" time="0.017" classname="databases.testing.BooksApiTest"/>
  <testcase name="testPutBook" time="0.018" classname="databases.testing.BooksApiTest"/>
  <testcase name="testPutBook" time="0.02" classname="databases.testing.BooksApiTest"/>
  <testcase name="testPutBook" time="0.018" classname="databases.testing.BooksApiTest"/>
  <testcase name="testPutBook" time="0.015" classname="databases.testing.BooksApiTest"/>
  <testcase name="testPutBook" time="0.022" classname="databases.testing.BooksApiTest"/>
  <testcase name="testPutBook" time="0.016" classname="databases.testing.BooksApiTest"/>
  <testcase name="testPutBook" time="0.02" classname="databases.testing.BooksApiTest"/>
  <testcase name="testPutBook" time="0.026" classname="databases.testing.BooksApiTest"/>
  <testcase name="testPutBook" time="0.02" classname="databases.testing.BooksApiTest"/>
  <testcase name="testPutBook" time="0.014" classname="databases.testing.BooksApiTest"/>
  <testcase name="testPutBook" time="0.016" classname="databases.testing.BooksApiTest"/>
  <testcase name="testPutBook" time="0.015" classname="databases.testing.BooksApiTest"/>
  <testcase name="testPutBook" time="0.015" classname="databases.testing.BooksApiTest"/>
  <testcase name="testPutBook" time="0.021" classname="databases.testing.BooksApiTest"/>
  <testcase name="testPutBook" time="0.016" classname="databases.testing.BooksApiTest"/>
  <testcase name="testPutBook" time="0.03" classname="databases.testing.BooksApiTest"/>
  <testcase name="testPutBook" time="0.021" classname="databases.testing.BooksApiTest"/>
  <testcase name="testPutBook" time="0.02" classname="databases.testing.BooksApiTest"/>
  <testcase name="testPutBook" time="0.022" classname="databases.testing.BooksApiTest"/>
  <testcase name="testPutBook" time="0.022" classname="databases.testing.BooksApiTest"/>
  <testcase name="testPutBook" time="0.017" classname="databases.testing.BooksApiTest"/>
  <testcase name="testPutBook" time="0.016" classname="databases.testing.BooksApiTest"/>
  <testcase name="testPutBook" time="0.015" classname="databases.testing.BooksApiTest"/>
  <testcase name="testPutBook" time="0.022" classname="databases.testing.BooksApiTest"/>
  <testcase name="testPutBook" time="0.022" classname="databases.testing.BooksApiTest"/>
  <testcase name="testPutBook" time="0.019" classname="databases.testing.BooksApiTest"/>
  <testcase name="testPutBook" time="0.019" classname="databases.testing.BooksApiTest"/>
  <testcase name="testPutBook" time="0.018" classname="databases.testing.BooksApiTest"/>
  <testcase name="testPutBook" time="0.018" classname="databases.testing.BooksApiTest"/>
  <testcase name="testPutBook" time="0.018" classname="databases.testing.BooksApiTest"/>
  <testcase name="testPutBook" time="0.034" classname="databases.testing.BooksApiTest"/>
  <testcase name="testPutBook" time="0.02" classname="databases.testing.BooksApiTest"/>
  <testcase name="testPutBook" time="0.018" classname="databases.testing.BooksApiTest"/>
  <testcase name="testPutBook" time="0.019" classname="databases.testing.BooksApiTest"/>
  <testcase name="testPutBook" time="0.015" classname="databases.testing.BooksApiTest"/>
  <testcase name="testPutBook" time="0.016" classname="databases.testing.BooksApiTest"/>
  <testcase name="testPutBook" time="0.025" classname="databases.testing.BooksApiTest"/>
  <testcase name="testPutBook" time="0.032" classname="databases.testing.BooksApiTest"/>
  <testcase name="testPutBook" time="0.026" classname="databases.testing.BooksApiTest"/>
  <testcase name="testPutBook" time="0.031" classname="databases.testing.BooksApiTest"/>
  <testcase name="testPutBook" time="0.023" classname="databases.testing.BooksApiTest"/>
  <testcase name="testPutBook" time="0.026" classname="databases.testing.BooksApiTest"/>
  <testcase name="testPutBook" time="0.043" classname="databases.testing.BooksApiTest"/>
  <testcase name="testPutBook" time="0.034" classname="databases.testing.BooksApiTest"/>
  <testcase name="testPutBook" time="0.031" classname="databases.testing.BooksApiTest"/>
  <testcase name="testPutBook" time="0.044" classname="databases.testing.BooksApiTest"/>
  <testcase name="testPutBook" time="0.018" classname="databases.testing.BooksApiTest"/>
  <testcase name="testPutBook" time="0.02" classname="databases.testing.BooksApiTest"/>
  <testcase name="testPutBook" time="0.017" classname="databases.testing.BooksApiTest"/>
  <testcase name="testPutBook" time="0.022" classname="databases.testing.BooksApiTest"/>
  <testcase name="testPutBook" time="0.026" classname="databases.testing.BooksApiTest"/>
  <testcase name="testPutBook" time="0.023" classname="databases.testing.BooksApiTest"/>
  <testcase name="testPutBook" time="0.021" classname="databases.testing.BooksApiTest"/>
  <testcase name="testPutBook" time="0.02" classname="databases.testing.BooksApiTest"/>
  <testcase name="testPutBook" time="0.021" classname="databases.testing.BooksApiTest"/>
  <testcase name="testPutBook" time="0.024" classname="databases.testing.BooksApiTest"/>
  <testcase name="testPutBook" time="0.021" classname="databases.testing.BooksApiTest"/>
  <testcase name="testPutBook" time="0.024" classname="databases.testing.BooksApiTest"/>
  <testcase name="testPutBook" time="0.016" classname="databases.testing.BooksApiTest"/>
  <testcase name="testPutBook" time="0.02" classname="databases.testing.BooksApiTest"/>
  <testcase name="testPutBook" time="0.016" classname="databases.testing.BooksApiTest"/>
  <testcase name="testPutBook" time="0.015" classname="databases.testing.BooksApiTest"/>
  <testcase name="testPutBook" time="0.02" classname="databases.testing.BooksApiTest"/>
  <testcase name="testPutBook" time="0.021" classname="databases.testing.BooksApiTest"/>
  <testcase name="testPutBook" time="0.016" classname="databases.testing.BooksApiTest"/>
  <testcase name="testPutBook" time="0.016" classname="databases.testing.BooksApiTest"/>
  <testcase name="testPutBook" time="0.014" classname="databases.testing.BooksApiTest"/>
  <testcase name="testPutBook" time="0.013" classname="databases.testing.BooksApiTest"/>
  <testcase name="testPutBook" time="0.017" classname="databases.testing.BooksApiTest"/>
  <testcase name="testPutBook" time="0.025" classname="databases.testing.BooksApiTest"/>
  <testcase name="testPutBook" time="0.02" classname="databases.testing.BooksApiTest"/>
  <testcase name="testPutBook" time="0.033" classname="databases.testing.BooksApiTest"/>
  <testcase name="testPutBook" time="0.02" classname="databases.testing.BooksApiTest"/>
  <testcase name="testPutBook" time="0.031" classname="databases.testing.BooksApiTest"/>
  <testcase name="testPutBook" time="0.028" classname="databases.testing.BooksApiTest"/>
  <testcase name="testPutBook" time="0.119" classname="databases.testing.BooksApiTest"/>
  <testcase name="testPutBook" time="0.114" classname="databases.testing.BooksApiTest"/>
  <testcase name="testPutBook" time="0.027" classname="databases.testing.BooksApiTest"/>
  <testcase name="testPutBook" time="0.132" classname="databases.testing.BooksApiTest"/>
  <testcase name="testPutBook" time="0.139" classname="databases.testing.BooksApiTest"/>
  <testcase name="testPutBook" time="0.114" classname="databases.testing.BooksApiTest"/>
  <testcase name="testPutBook" time="0.127" classname="databases.testing.BooksApiTest"/>
  <testcase name="testPutBook" time="0.067" classname="databases.testing.BooksApiTest"/>
  <testcase name="testPutBook" time="0.217" classname="databases.testing.BooksApiTest"/>
  <testcase name="testPutBook" time="0.025" classname="databases.testing.BooksApiTest"/>
  <testcase name="testPutBook" time="0.039" classname="databases.testing.BooksApiTest"/>
  <testcase name="testPutBook" time="0.027" classname="databases.testing.BooksApiTest"/>
  <testcase name="testPutBook" time="0.03" classname="databases.testing.BooksApiTest"/>
  <testcase name="testPutBook" time="0.036" classname="databases.testing.BooksApiTest"/>
  <testcase name="testPutBook" time="0.032" classname="databases.testing.BooksApiTest"/>
  <testcase name="testPutBook" time="0.024" classname="databases.testing.BooksApiTest"/>
  <testcase name="testPutBook" time="0.041" classname="databases.testing.BooksApiTest"/>
  <testcase name="testPutBook" time="0.019" classname="databases.testing.BooksApiTest"/>
  <testcase name="testPutBook" time="0.022" classname="databases.testing.BooksApiTest"/>
  <testcase name="testPutBook" time="0.019" classname="databases.testing.BooksApiTest"/>
  <testcase name="testPutBook" time="0.04" classname="databases.testing.BooksApiTest"/>
  <testcase name="testPutBook" time="0.026" classname="databases.testing.BooksApiTest"/>
  <testcase name="testPutBook" time="0.027" classname="databases.testing.BooksApiTest"/>
  <testcase name="testPutBook" time="0.044" classname="databases.testing.BooksApiTest"/>
  <testcase name="testPutBook" time="0.016" classname="databases.testing.BooksApiTest"/>
  <testcase name="testPutBook" time="0.015" classname="databases.testing.BooksApiTest"/>
  <testcase name="testPutBook" time="0.017" classname="databases.testing.BooksApiTest"/>
  <testcase name="testPutBook" time="0.018" classname="databases.testing.BooksApiTest"/>
  <testcase name="testPutBook" time="0.016" classname="databases.testing.BooksApiTest"/>
  <testcase name="testPutBook" time="0.016" classname="databases.testing.BooksApiTest"/>
  <testcase name="testPutBook" time="0.017" classname="databases.testing.BooksApiTest"/>
  <testcase name="testPutBook" time="0.014" classname="databases.testing.BooksApiTest"/>
  <testcase name="testPutBook" time="0.014" classname="databases.testing.BooksApiTest"/>
  <testcase name="testPutBook" time="0.017" classname="databases.testing.BooksApiTest"/>
  <testcase name="testPutBook" time="0.015" classname="databases.testing.BooksApiTest"/>
  <testcase name="testPutBook" time="0.014" classname="databases.testing.BooksApiTest"/>
  <testcase name="testPutBook" time="0.026" classname="databases.testing.BooksApiTest"/>
  <testcase name="testPutBook" time="0.018" classname="databases.testing.BooksApiTest"/>
  <testcase name="testPutBook" time="0.022" classname="databases.testing.BooksApiTest"/>
  <testcase name="testPutBook" time="0.016" classname="databases.testing.BooksApiTest"/>
  <testcase name="testPutBook" time="0.017" classname="databases.testing.BooksApiTest"/>
  <testcase name="testPutBook" time="0.017" classname="databases.testing.BooksApiTest"/>
  <testcase name="testPutBook" time="0.018" classname="databases.testing.BooksApiTest"/>
  <testcase name="testPutBook" time="0.016" classname="databases.testing.BooksApiTest"/>
  <testcase name="testPutBook" time="0.017" classname="databases.testing.BooksApiTest"/>
  <testcase name="testPutBook" time="0.018" classname="databases.testing.BooksApiTest"/>
  <testcase name="testPutBook" time="0.02" classname="databases.testing.BooksApiTest"/>
  <testcase name="testPutBook" time="0.016" classname="databases.testing.BooksApiTest"/>
  <testcase name="testPutBook" time="0.018" classname="databases.testing.BooksApiTest"/>
  <testcase name="testPutBook" time="0.02" classname="databases.testing.BooksApiTest"/>
  <testcase name="testPutBook" time="0.019" classname="databases.testing.BooksApiTest"/>
  <testcase name="testPutBook" time="0.02" classname="databases.testing.BooksApiTest"/>
  <testcase name="testPutBook" time="0.013" classname="databases.testing.BooksApiTest"/>
  <testcase name="testPutBook" time="0.016" classname="databases.testing.BooksApiTest"/>
  <testcase name="testPutBook" time="0.018" classname="databases.testing.BooksApiTest"/>
  <testcase name="testPutBook" time="0.017" classname="databases.testing.BooksApiTest"/>
  <testcase name="testPutBook" time="0.02" classname="databases.testing.BooksApiTest"/>
  <testcase name="testPutBook" time="0.014" classname="databases.testing.BooksApiTest"/>
  <testcase name="testPutBook" time="0.038" classname="databases.testing.BooksApiTest"/>
  <testcase name="testPutBook" time="0.019" classname="databases.testing.BooksApiTest"/>
  <testcase name="testPutBook" time="0.014" classname="databases.testing.BooksApiTest"/>
  <testcase name="testPutBook" time="0.02" classname="databases.testing.BooksApiTest"/>
  <testcase name="testPutBook" time="0.018" classname="databases.testing.BooksApiTest"/>
  <testcase name="testPutBook" time="0.017" classname="databases.testing.BooksApiTest"/>
  <testcase name="testPutBook" time="0.016" classname="databases.testing.BooksApiTest"/>
  <testcase name="testPutBook" time="0.013" classname="databases.testing.BooksApiTest"/>
  <testcase name="testPutBook" time="0.016" classname="databases.testing.BooksApiTest"/>
  <testcase name="testPutBook" time="0.016" classname="databases.testing.BooksApiTest"/>
  <testcase name="testPutBook" time="0.016" classname="databases.testing.BooksApiTest"/>
  <testcase name="testPutBook" time="0.02" classname="databases.testing.BooksApiTest"/>
  <testcase name="testPutBook" time="0.019" classname="databases.testing.BooksApiTest"/>
  <testcase name="testPutBook" time="0.013" classname="databases.testing.BooksApiTest"/>
  <testcase name="testPutBook" time="0.013" classname="databases.testing.BooksApiTest"/>
  <testcase name="testPutBook" time="0.02" classname="databases.testing.BooksApiTest"/>
  <testcase name="testPutBook" time="0.02" classname="databases.testing.BooksApiTest"/>
  <testcase name="testPutBook" time="0.015" classname="databases.testing.BooksApiTest"/>
  <testcase name="testPutBook" time="0.02" classname="databases.testing.BooksApiTest"/>
  <testcase name="testPutBook" time="0.02" classname="databases.testing.BooksApiTest"/>
  <testcase name="testPutBook" time="0.016" classname="databases.testing.BooksApiTest"/>
  <testcase name="testPutBook" time="0.018" classname="databases.testing.BooksApiTest"/>
  <testcase name="testPutBook" time="0.034" classname="databases.testing.BooksApiTest"/>
  <testcase name="testPutBook" time="0.017" classname="databases.testing.BooksApiTest"/>
  <testcase name="testPutBook" time="0.016" classname="databases.testing.BooksApiTest"/>
  <testcase name="testPutBook" time="0.017" classname="databases.testing.BooksApiTest"/>
  <testcase name="testPutBook" time="0.016" classname="databases.testing.BooksApiTest"/>
  <testcase name="testPutBook" time="0.016" classname="databases.testing.BooksApiTest"/>
  <testcase name="testPutBook" time="0.014" classname="databases.testing.BooksApiTest"/>
  <testcase name="testPutBook" time="0.02" classname="databases.testing.BooksApiTest"/>
  <testcase name="testPutBook" time="0.015" classname="databases.testing.BooksApiTest"/>
  <testcase name="testPutBook" time="0.015" classname="databases.testing.BooksApiTest"/>
  <testcase name="testPutBook" time="0.021" classname="databases.testing.BooksApiTest"/>
  <testcase name="testPutBook" time="0.016" classname="databases.testing.BooksApiTest"/>
  <testcase name="testPutBook" time="0.019" classname="databases.testing.BooksApiTest"/>
  <testcase name="testPutBook" time="0.016" classname="databases.testing.BooksApiTest"/>
  <testcase name="testPutBook" time="0.019" classname="databases.testing.BooksApiTest"/>
  <testcase name="testPutBook" time="0.018" classname="databases.testing.BooksApiTest"/>
  <testcase name="testPutBook" time="0.017" classname="databases.testing.BooksApiTest"/>
  <testcase name="testPutBook" time="0.017" classname="databases.testing.BooksApiTest"/>
  <testcase name="testPutBook" time="0.02" classname="databases.testing.BooksApiTest"/>
  <testcase name="testPutBook" time="0.016" classname="databases.testing.BooksApiTest"/>
  <testcase name="testPutBook" time="0.022" classname="databases.testing.BooksApiTest"/>
  <testcase name="testPutBook" time="0.016" classname="databases.testing.BooksApiTest"/>
  <testcase name="testPutBook" time="0.019" classname="databases.testing.BooksApiTest"/>
  <testcase name="testPutBook" time="0.022" classname="databases.testing.BooksApiTest"/>
  <testcase name="testPutBook" time="0.016" classname="databases.testing.BooksApiTest"/>
  <testcase name="testPutBook" time="0.016" classname="databases.testing.BooksApiTest"/>
  <testcase name="testPutBook" time="0.021" classname="databases.testing.BooksApiTest"/>
  <testcase name="testPutBook" time="0.019" classname="databases.testing.BooksApiTest"/>
  <testcase name="testPutBook" time="0.017" classname="databases.testing.BooksApiTest"/>
  <testcase name="testPutBook" time="0.018" classname="databases.testing.BooksApiTest"/>
  <testcase name="testPutBook" time="0.016" classname="databases.testing.BooksApiTest"/>
  <testcase name="testPutBook" time="0.021" classname="databases.testing.BooksApiTest"/>
  <testcase name="testPutBook" time="0.021" classname="databases.testing.BooksApiTest"/>
  <testcase name="testPutBook" time="0.021" classname="databases.testing.BooksApiTest"/>
  <testcase name="testPutBook" time="0.024" classname="databases.testing.BooksApiTest"/>
  <testcase name="testPutBook" time="0.021" classname="databases.testing.BooksApiTest"/>
  <testcase name="testPutBook" time="0.022" classname="databases.testing.BooksApiTest"/>
  <testcase name="testPutBook" time="0.02" classname="databases.testing.BooksApiTest"/>
  <testcase name="testPutBook" time="0.017" classname="databases.testing.BooksApiTest"/>
  <testcase name="testPutBook" time="0.02" classname="databases.testing.BooksApiTest"/>
  <testcase name="testPutBook" time="0.026" classname="databases.testing.BooksApiTest"/>
  <testcase name="testPutBook" time="0.021" classname="databases.testing.BooksApiTest"/>
  <testcase name="testPutBook" time="0.032" classname="databases.testing.BooksApiTest"/>
  <testcase name="testPutBook" time="0.028" classname="databases.testing.BooksApiTest"/>
  <testcase name="testPutBook" time="0.023" classname="databases.testing.BooksApiTest"/>
  <testcase name="testPutBook" time="0.029" classname="databases.testing.BooksApiTest"/>
  <testcase name="testPutBook" time="0.023" classname="databases.testing.BooksApiTest"/>
  <testcase name="testPutBook" time="0.019" classname="databases.testing.BooksApiTest"/>
  <testcase name="testPutBook" time="0.02" classname="databases.testing.BooksApiTest"/>
  <testcase name="testPutBook" time="0.02" classname="databases.testing.BooksApiTest"/>
  <testcase name="testPutBook" time="0.022" classname="databases.testing.BooksApiTest"/>
  <testcase name="testPutBook" time="0.021" classname="databases.testing.BooksApiTest"/>
  <testcase name="testPutBook" time="0.023" classname="databases.testing.BooksApiTest"/>
  <testcase name="testPutBook" time="0.025" classname="databases.testing.BooksApiTest"/>
  <testcase name="testPutBook" time="0.024" classname="databases.testing.BooksApiTest"/>
  <testcase name="testPutBook" time="0.027" classname="databases.testing.BooksApiTest"/>
  <testcase name="testPutBook" time="0.078" classname="databases.testing.BooksApiTest"/>
  <testcase name="testPutBook" time="0.026" classname="databases.testing.BooksApiTest"/>
  <testcase name="testPutBook" time="0.014" classname="databases.testing.BooksApiTest"/>
  <testcase name="testPutBook" time="0.016" classname="databases.testing.BooksApiTest"/>
  <testcase name="testPutBook" time="0.019" classname="databases.testing.BooksApiTest"/>
  <testcase name="testPutBook" time="0.018" classname="databases.testing.BooksApiTest"/>
  <testcase name="testPutBook" time="0.017" classname="databases.testing.BooksApiTest"/>
  <testcase name="testPutBook" time="0.019" classname="databases.testing.BooksApiTest"/>
  <testcase name="testPutBook" time="0.016" classname="databases.testing.BooksApiTest"/>
  <testcase name="testPutBook" time="0.015" classname="databases.testing.BooksApiTest"/>
  <testcase name="testPutBook" time="0.038" classname="databases.testing.BooksApiTest"/>
  <testcase name="testPutBook" time="0.021" classname="databases.testing.BooksApiTest"/>
  <testcase name="testPutBook" time="0.024" classname="databases.testing.BooksApiTest"/>
  <testcase name="testPutBook" time="0.021" classname="databases.testing.BooksApiTest"/>
  <testcase name="testPutBook" time="0.023" classname="databases.testing.BooksApiTest"/>
  <testcase name="testPutBook" time="0.022" classname="databases.testing.BooksApiTest"/>
  <testcase name="testPutBook" time="0.022" classname="databases.testing.BooksApiTest"/>
  <testcase name="testPutBook" time="0.022" classname="databases.testing.BooksApiTest"/>
  <testcase name="testPutBook" time="0.017" classname="databases.testing.BooksApiTest"/>
  <testcase name="testPutBook" time="0.021" classname="databases.testing.BooksApiTest"/>
  <testcase name="testPutBook" time="0.021" classname="databases.testing.BooksApiTest"/>
  <testcase name="testPutBook" time="0.021" classname="databases.testing.BooksApiTest"/>
  <testcase name="testPutBook" time="0.021" classname="databases.testing.BooksApiTest"/>
  <testcase name="testPutBook" time="0.023" classname="databases.testing.BooksApiTest"/>
  <testcase name="testPutBook" time="0.013" classname="databases.testing.BooksApiTest"/>
  <testcase name="testPutBook" time="0.021" classname="databases.testing.BooksApiTest"/>
  <testcase name="testPutBook" time="0.02" classname="databases.testing.BooksApiTest"/>
  <testcase name="testPutBook" time="0.017" classname="databases.testing.BooksApiTest"/>
  <testcase name="testPutBook" time="0.018" classname="databases.testing.BooksApiTest"/>
  <testcase name="testPutBook" time="0.02" classname="databases.testing.BooksApiTest"/>
  <testcase name="testPutBook" time="0.021" classname="databases.testing.BooksApiTest"/>
  <testcase name="testPutBook" time="0.02" classname="databases.testing.BooksApiTest"/>
  <testcase name="testPutBook" time="0.019" classname="databases.testing.BooksApiTest"/>
  <testcase name="testPutBook" time="0.024" classname="databases.testing.BooksApiTest"/>
  <testcase name="testPutBook" time="0.017" classname="databases.testing.BooksApiTest"/>
  <testcase name="testPutBook" time="0.022" classname="databases.testing.BooksApiTest"/>
  <testcase name="testPutBook" time="0.016" classname="databases.testing.BooksApiTest"/>
  <testcase name="testPutBook" time="0.02" classname="databases.testing.BooksApiTest"/>
  <testcase name="testPutBook" time="0.019" classname="databases.testing.BooksApiTest"/>
  <testcase name="testPutBook" time="0.017" classname="databases.testing.BooksApiTest"/>
  <testcase name="testPutBook" time="0.023" classname="databases.testing.BooksApiTest"/>
  <testcase name="testPutBook" time="0.022" classname="databases.testing.BooksApiTest"/>
  <testcase name="testPutBook" time="0.027" classname="databases.testing.BooksApiTest"/>
  <testcase name="testPutBook" time="0.025" classname="databases.testing.BooksApiTest"/>
  <testcase name="testPutBook" time="0.017" classname="databases.testing.BooksApiTest"/>
  <testcase name="testPutBook" time="0.02" classname="databases.testing.BooksApiTest"/>
  <testcase name="testPutBook" time="0.018" classname="databases.testing.BooksApiTest"/>
  <testcase name="testPutBook" time="0.022" classname="databases.testing.BooksApiTest"/>
  <testcase name="testPutBook" time="0.018" classname="databases.testing.BooksApiTest"/>
  <testcase name="testPutBook" time="0.026" classname="databases.testing.BooksApiTest"/>
  <testcase name="testPutBook" time="0.027" classname="databases.testing.BooksApiTest"/>
  <testcase name="testPutBook" time="0.076" classname="databases.testing.BooksApiTest"/>
  <testcase name="testPutBook" time="0.021" classname="databases.testing.BooksApiTest"/>
  <testcase name="testPutBook" time="0.022" classname="databases.testing.BooksApiTest"/>
  <testcase name="testPutBook" time="0.022" classname="databases.testing.BooksApiTest"/>
  <testcase name="testPutBook" time="0.024" classname="databases.testing.BooksApiTest"/>
  <testcase name="testPutBook" time="0.027" classname="databases.testing.BooksApiTest"/>
  <testcase name="testPutBook" time="0.025" classname="databases.testing.BooksApiTest"/>
  <testcase name="testPutBook" time="0.023" classname="databases.testing.BooksApiTest"/>
  <testcase name="testPutBook" time="0.024" classname="databases.testing.BooksApiTest"/>
  <testcase name="testPutBook" time="0.027" classname="databases.testing.BooksApiTest"/>
  <testcase name="testPutBook" time="0.025" classname="databases.testing.BooksApiTest"/>
  <testcase name="testPutBook" time="0.025" classname="databases.testing.BooksApiTest"/>
  <testcase name="testPutBook" time="0.155" classname="databases.testing.BooksApiTest"/>
  <testcase name="testPutBook" time="0.025" classname="databases.testing.BooksApiTest"/>
  <testcase name="testPutBook" time="0.023" classname="databases.testing.BooksApiTest"/>
  <testcase name="testPutBook" time="0.046" classname="databases.testing.BooksApiTest"/>
  <testcase name="testPutBook" time="0.025" classname="databases.testing.BooksApiTest"/>
  <testcase name="testPutBook" time="0.02" classname="databases.testing.BooksApiTest"/>
  <testcase name="testPutBook" time="0.021" classname="databases.testing.BooksApiTest"/>
  <testcase name="testPutBook" time="0.021" classname="databases.testing.BooksApiTest"/>
  <testcase name="testPutBook" time="0.023" classname="databases.testing.BooksApiTest"/>
  <testcase name="testPutBook" time="0.023" classname="databases.testing.BooksApiTest"/>
  <testcase name="testPutBook" time="0.022" classname="databases.testing.BooksApiTest"/>
  <testcase name="testPutBook" time="0.039" classname="databases.testing.BooksApiTest"/>
  <testcase name="testPutBook" time="0.021" classname="databases.testing.BooksApiTest"/>
  <testcase name="testPutBook" time="0.025" classname="databases.testing.BooksApiTest"/>
  <testcase name="testPutBook" time="0.022" classname="databases.testing.BooksApiTest"/>
  <testcase name="testPutBook" time="0.026" classname="databases.testing.BooksApiTest"/>
  <testcase name="testPutBook" time="0.022" classname="databases.testing.BooksApiTest"/>
  <testcase name="testPutBook" time="0.019" classname="databases.testing.BooksApiTest"/>
  <testcase name="testPutBook" time="0.022" classname="databases.testing.BooksApiTest"/>
  <testcase name="testPutBook" time="0.019" classname="databases.testing.BooksApiTest"/>
  <testcase name="testPutBook" time="0.021" classname="databases.testing.BooksApiTest"/>
  <testcase name="testPutBook" time="0.029" classname="databases.testing.BooksApiTest"/>
  <testcase name="testPutBook" time="0.023" classname="databases.testing.BooksApiTest"/>
  <testcase name="testPutBook" time="0.027" classname="databases.testing.BooksApiTest"/>
  <testcase name="testPutBook" time="0.025" classname="databases.testing.BooksApiTest"/>
  <testcase name="testPutBook" time="0.022" classname="databases.testing.BooksApiTest"/>
  <testcase name="testPutBook" time="0.026" classname="databases.testing.BooksApiTest"/>
  <testcase name="testPutBook" time="0.023" classname="databases.testing.BooksApiTest"/>
  <testcase name="testPutBook" time="0.025" classname="databases.testing.BooksApiTest"/>
  <testcase name="testPutBook" time="0.03" classname="databases.testing.BooksApiTest"/>
  <testcase name="testPutBook" time="0.024" classname="databases.testing.BooksApiTest"/>
  <testcase name="testPutBook" time="0.024" classname="databases.testing.BooksApiTest"/>
  <testcase name="testPutBook" time="0.021" classname="databases.testing.BooksApiTest"/>
  <testcase name="testPutBook" time="0.015" classname="databases.testing.BooksApiTest"/>
  <testcase name="testPutBook" time="0.02" classname="databases.testing.BooksApiTest"/>
  <testcase name="testPutBook" time="0.02" classname="databases.testing.BooksApiTest"/>
  <testcase name="testPutBook" time="0.022" classname="databases.testing.BooksApiTest"/>
  <testcase name="testPutBook" time="0.024" classname="databases.testing.BooksApiTest"/>
  <testcase name="testPutBook" time="0.024" classname="databases.testing.BooksApiTest"/>
  <testcase name="testPutBook" time="0.017" classname="databases.testing.BooksApiTest"/>
  <testcase name="testPutBook" time="0.023" classname="databases.testing.BooksApiTest"/>
  <testcase name="testPutBook" time="0.016" classname="databases.testing.BooksApiTest"/>
  <testcase name="testPutBook" time="0.018" classname="databases.testing.BooksApiTest"/>
  <testcase name="testPutBook" time="0.016" classname="databases.testing.BooksApiTest"/>
  <testcase name="testPutBook" time="0.019" classname="databases.testing.BooksApiTest"/>
  <testcase name="testPutBook" time="0.016" classname="databases.testing.BooksApiTest"/>
  <testcase name="testPutBook" time="0.018" classname="databases.testing.BooksApiTest"/>
  <testcase name="testPutBook" time="0.022" classname="databases.testing.BooksApiTest"/>
  <testcase name="testPutBook" time="0.022" classname="databases.testing.BooksApiTest"/>
  <testcase name="testPutBook" time="0.018" classname="databases.testing.BooksApiTest"/>
  <testcase name="testPutBook" time="0.021" classname="databases.testing.BooksApiTest"/>
  <testcase name="testPutBook" time="0.02" classname="databases.testing.BooksApiTest"/>
  <testcase name="testPutBook" time="0.021" classname="databases.testing.BooksApiTest"/>
  <testcase name="testPutBook" time="0.015" classname="databases.testing.BooksApiTest"/>
  <testcase name="testPutBook" time="0.02" classname="databases.testing.BooksApiTest"/>
  <testcase name="testPutBook" time="0.022" classname="databases.testing.BooksApiTest"/>
  <testcase name="testPutBook" time="0.015" classname="databases.testing.BooksApiTest"/>
  <testcase name="testPutBook" time="0.016" classname="databases.testing.BooksApiTest"/>
  <testcase name="testPutBook" time="0.016" classname="databases.testing.BooksApiTest"/>
  <testcase name="testPutBook" time="0.021" classname="databases.testing.BooksApiTest"/>
  <testcase name="testPutBook" time="0.024" classname="databases.testing.BooksApiTest"/>
  <testcase name="testPutBook" time="0.023" classname="databases.testing.BooksApiTest"/>
  <testcase name="testPutBook" time="0.017" classname="databases.testing.BooksApiTest"/>
  <testcase name="testPutBook" time="0.051" classname="databases.testing.BooksApiTest"/>
  <testcase name="testPutBook" time="0.015" classname="databases.testing.BooksApiTest"/>
  <testcase name="testPutBook" time="0.021" classname="databases.testing.BooksApiTest"/>
  <testcase name="testPutBook" time="0.017" classname="databases.testing.BooksApiTest"/>
  <testcase name="testPutBook" time="0.021" classname="databases.testing.BooksApiTest"/>
  <testcase name="testPutBook" time="0.013" classname="databases.testing.BooksApiTest"/>
  <testcase name="testPutBook" time="0.014" classname="databases.testing.BooksApiTest"/>
  <testcase name="testPutBook" time="0.013" classname="databases.testing.BooksApiTest"/>
  <testcase name="testPutBook" time="0.018" classname="databases.testing.BooksApiTest"/>
  <testcase name="testPutBook" time="0.023" classname="databases.testing.BooksApiTest"/>
  <testcase name="testPutBook" time="0.017" classname="databases.testing.BooksApiTest"/>
  <testcase name="testPutBook" time="0.017" classname="databases.testing.BooksApiTest"/>
  <testcase name="testPutBook" time="0.014" classname="databases.testing.BooksApiTest"/>
  <testcase name="testPutBook" time="0.013" classname="databases.testing.BooksApiTest"/>
  <testcase name="testPutBook" time="0.019" classname="databases.testing.BooksApiTest"/>
  <testcase name="testPutBook" time="0.014" classname="databases.testing.BooksApiTest"/>
  <testcase name="testPutBook" time="0.018" classname="databases.testing.BooksApiTest"/>
  <testcase name="testPutBook" time="0.017" classname="databases.testing.BooksApiTest"/>
  <testcase name="testPutBook" time="0.013" classname="databases.testing.BooksApiTest"/>
  <testcase name="testPutBook" time="0.016" classname="databases.testing.BooksApiTest"/>
  <testcase name="testPutBook" time="0.02" classname="databases.testing.BooksApiTest"/>
  <testcase name="testPutBook" time="0.018" classname="databases.testing.BooksApiTest"/>
  <testcase name="testPutBook" time="0.02" classname="databases.testing.BooksApiTest"/>
  <testcase name="testPutBook" time="0.019" classname="databases.testing.BooksApiTest"/>
  <testcase name="testPutBook" time="0.019" classname="databases.testing.BooksApiTest"/>
  <testcase name="testPutBook" time="0.025" classname="databases.testing.BooksApiTest"/>
  <testcase name="testPutBook" time="0.021" classname="databases.testing.BooksApiTest"/>
  <testcase name="testPutBook" time="0.019" classname="databases.testing.BooksApiTest"/>
  <testcase name="testPutBook" time="0.022" classname="databases.testing.BooksApiTest"/>
  <testcase name="testPutBook" time="0.021" classname="databases.testing.BooksApiTest"/>
  <testcase name="testPutBook" time="0.019" classname="databases.testing.BooksApiTest"/>
  <testcase name="testPutBook" time="0.025" classname="databases.testing.BooksApiTest"/>
  <testcase name="testPutBook" time="0.026" classname="databases.testing.BooksApiTest"/>
  <testcase name="testPutBook" time="0.05" classname="databases.testing.BooksApiTest"/>
  <testcase name="testPutBook" time="0.024" classname="databases.testing.BooksApiTest"/>
  <testcase name="testPutBook" time="0.021" classname="databases.testing.BooksApiTest"/>
  <testcase name="testPutBook" time="0.015" classname="databases.testing.BooksApiTest"/>
  <testcase name="testPutBook" time="0.014" classname="databases.testing.BooksApiTest"/>
  <testcase name="testPutBook" time="0.014" classname="databases.testing.BooksApiTest"/>
  <testcase name="testPutBook" time="0.024" classname="databases.testing.BooksApiTest"/>
  <testcase name="testPutBook" time="0.017" classname="databases.testing.BooksApiTest"/>
  <testcase name="testPutBook" time="0.019" classname="databases.testing.BooksApiTest"/>
  <testcase name="testPutBook" time="0.017" classname="databases.testing.BooksApiTest"/>
  <testcase name="testPutBook" time="0.02" classname="databases.testing.BooksApiTest"/>
  <testcase name="testPutBook" time="0.018" classname="databases.testing.BooksApiTest"/>
  <testcase name="testPutBook" time="0.023" classname="databases.testing.BooksApiTest"/>
  <testcase name="testPutBook" time="0.017" classname="databases.testing.BooksApiTest"/>
  <testcase name="testPutBook" time="0.022" classname="databases.testing.BooksApiTest"/>
  <testcase name="testPutBook" time="0.028" classname="databases.testing.BooksApiTest"/>
  <testcase name="testPutBook" time="0.02" classname="databases.testing.BooksApiTest"/>
  <testcase name="testPutBook" time="0.027" classname="databases.testing.BooksApiTest"/>
  <testcase name="testPutBook" time="0.021" classname="databases.testing.BooksApiTest"/>
  <testcase name="testPutBook" time="0.021" classname="databases.testing.BooksApiTest"/>
  <testcase name="testPutBook" time="0.022" classname="databases.testing.BooksApiTest"/>
  <testcase name="testPutBook" time="0.025" classname="databases.testing.BooksApiTest"/>
  <testcase name="testPutBook" time="0.03" classname="databases.testing.BooksApiTest"/>
  <testcase name="testPutBook" time="0.027" classname="databases.testing.BooksApiTest"/>
  <testcase name="testPutBook" time="0.015" classname="databases.testing.BooksApiTest"/>
  <testcase name="testPutBook" time="0.04" classname="databases.testing.BooksApiTest"/>
  <testcase name="testPutBook" time="0.016" classname="databases.testing.BooksApiTest"/>
  <testcase name="testPutBook" time="0.018" classname="databases.testing.BooksApiTest"/>
  <testcase name="testPutBook" time="0.02" classname="databases.testing.BooksApiTest"/>
  <testcase name="testPutBook" time="0.016" classname="databases.testing.BooksApiTest"/>
  <testcase name="testPutBook" time="0.027" classname="databases.testing.BooksApiTest"/>
  <testcase name="testPutBook" time="0.021" classname="databases.testing.BooksApiTest"/>
  <testcase name="testPutBook" time="0.016" classname="databases.testing.BooksApiTest"/>
  <testcase name="testPutBook" time="0.021" classname="databases.testing.BooksApiTest"/>
  <testcase name="testPutBook" time="0.021" classname="databases.testing.BooksApiTest"/>
  <testcase name="testPutBook" time="0.018" classname="databases.testing.BooksApiTest"/>
  <testcase name="testPutBook" time="0.018" classname="databases.testing.BooksApiTest"/>
  <testcase name="testPutBook" time="0.016" classname="databases.testing.BooksApiTest"/>
  <testcase name="testPutBook" time="0.018" classname="databases.testing.BooksApiTest"/>
  <testcase name="testPutBook" time="0.02" classname="databases.testing.BooksApiTest"/>
  <testcase name="testPutBook" time="0.015" classname="databases.testing.BooksApiTest"/>
  <testcase name="testPutBook" time="0.021" classname="databases.testing.BooksApiTest"/>
  <testcase name="testPutBook" time="0.032" classname="databases.testing.BooksApiTest"/>
  <testcase name="testPutBook" time="0.019" classname="databases.testing.BooksApiTest"/>
  <testcase name="testPutBook" time="0.022" classname="databases.testing.BooksApiTest"/>
  <testcase name="testPutBook" time="0.017" classname="databases.testing.BooksApiTest"/>
  <testcase name="testPutBook" time="0.016" classname="databases.testing.BooksApiTest"/>
  <testcase name="testPutBook" time="0.034" classname="databases.testing.BooksApiTest"/>
  <testcase name="testPutBook" time="0.025" classname="databases.testing.BooksApiTest"/>
  <testcase name="testPutBook" time="0.023" classname="databases.testing.BooksApiTest"/>
  <testcase name="testPutBook" time="0.021" classname="databases.testing.BooksApiTest"/>
  <testcase name="testPutBook" time="0.018" classname="databases.testing.BooksApiTest"/>
  <testcase name="testPutBook" time="0.022" classname="databases.testing.BooksApiTest"/>
  <testcase name="testPutBook" time="0.02" classname="databases.testing.BooksApiTest"/>
  <testcase name="testPutBook" time="0.03" classname="databases.testing.BooksApiTest"/>
  <testcase name="testPutBook" time="0.02" classname="databases.testing.BooksApiTest"/>
  <testcase name="testPutBook" time="0.022" classname="databases.testing.BooksApiTest"/>
  <testcase name="testPutBook" time="0.027" classname="databases.testing.BooksApiTest"/>
  <testcase name="testPutBook" time="0.022" classname="databases.testing.BooksApiTest"/>
  <testcase name="testGetAllbooks" time="0.022" classname="databases.testing.BooksApiTest"/>
  <testcase name="testGetBooksById" time="0.021" classname="databases.testing.BooksApiTest"/>
  <testcase name="testDeleteBooksById" time="0.034" classname="databases.testing.BooksApiTest"/>
  <testcase name="testUpdateBookPriceById" time="0.066" classname="databases.testing.BooksApiTest"/>
  <testcase name="testGetBookByAuthorNameContains" time="0.034" classname="databases.testing.BooksApiTest"/>
  <testcase name="testGetBooksByPriceLessThanEquals" time="0.055" classname="databases.testing.BooksApiTest"/>
  <testcase name="testGetBooksByPriceBetween" time="0.155" classname="databases.testing.BooksApiTest"/>
</testsuite> <!-- Default test -->
