<?xml version="1.0" encoding="UTF-8"?>
<testng-results skipped="0" failed="0" ignored="0" total="1006" passed="1006">
  <reporter-output>
  </reporter-output>
  <suite name="Default suite" duration-ms="27150" started-at="2019-06-03T04:32:31Z" finished-at="2019-06-03T04:32:58Z">
    <groups>
    </groups>
    <test name="Default test" duration-ms="27150" started-at="2019-06-03T04:32:31Z" finished-at="2019-06-03T04:32:58Z">
      <class name="databases.testing.BooksApiTest">
        <test-method status="PASS" signature="f()[pri:0, instance:databases.testing.BooksApiTest@7e0b0338]" name="f" is-config="true" duration-ms="929" started-at="2019-06-03T04:32:31Z" finished-at="2019-06-03T04:32:32Z">
          <reporter-output>
          </reporter-output>
        </test-method> <!-- f -->
        <test-method status="PASS" signature="setup()[pri:0, instance:databases.testing.BooksApiTest@7e0b0338]" name="setup" is-config="true" duration-ms="209" started-at="2019-06-03T04:32:32Z" finished-at="2019-06-03T04:32:32Z">
          <reporter-output>
          </reporter-output>
        </test-method> <!-- setup -->
        <test-method status="PASS" signature="testAddBook(databases.booksapi.beans.Book)[pri:1, instance:databases.testing.BooksApiTest@7e0b0338]" name="testAddBook" duration-ms="161" started-at="2019-06-03T04:32:32Z" data-provider="AddBooksDataProvider" finished-at="2019-06-03T04:32:32Z">
          <params>
            <param index="0">
              <value>
                <![CDATA[Book [id=0, name=ï»¿Nicomachean Ethics, author=Aristotle, seals=7246, price=13.634]]]>
              </value>
            </param>
          </params>
          <reporter-output>
          </reporter-output>
        </test-method> <!-- testAddBook -->
        <test-method status="PASS" signature="setup()[pri:0, instance:databases.testing.BooksApiTest@7e0b0338]" name="setup" is-config="true" duration-ms="1" started-at="2019-06-03T04:32:32Z" finished-at="2019-06-03T04:32:32Z">
          <reporter-output>
          </reporter-output>
        </test-method> <!-- setup -->
        <test-method status="PASS" signature="testAddBook(databases.booksapi.beans.Book)[pri:1, instance:databases.testing.BooksApiTest@7e0b0338]" name="testAddBook" duration-ms="14" started-at="2019-06-03T04:32:32Z" data-provider="AddBooksDataProvider" finished-at="2019-06-03T04:32:32Z">
          <params>
            <param index="0">
              <value>
                <![CDATA[Book [id=0, name=The Decameron, author=Giovanni Boccaccio, seals=7223, price=3.376]]]>
              </value>
            </param>
          </params>
          <reporter-output>
          </reporter-output>
        </test-method> <!-- testAddBook -->
        <test-method status="PASS" signature="setup()[pri:0, instance:databases.testing.BooksApiTest@7e0b0338]" name="setup" is-config="true" duration-ms="0" started-at="2019-06-03T04:32:32Z" finished-at="2019-06-03T04:32:32Z">
          <reporter-output>
          </reporter-output>
        </test-method> <!-- setup -->
        <test-method status="PASS" signature="testAddBook(databases.booksapi.beans.Book)[pri:1, instance:databases.testing.BooksApiTest@7e0b0338]" name="testAddBook" duration-ms="11" started-at="2019-06-03T04:32:32Z" data-provider="AddBooksDataProvider" finished-at="2019-06-03T04:32:32Z">
          <params>
            <param index="0">
              <value>
                <![CDATA[Book [id=0, name=Dreamcatcher, author=Stephen King, seals=7202, price=23.903]]]>
              </value>
            </param>
          </params>
          <reporter-output>
          </reporter-output>
        </test-method> <!-- testAddBook -->
        <test-method status="PASS" signature="setup()[pri:0, instance:databases.testing.BooksApiTest@7e0b0338]" name="setup" is-config="true" duration-ms="0" started-at="2019-06-03T04:32:32Z" finished-at="2019-06-03T04:32:32Z">
          <reporter-output>
          </reporter-output>
        </test-method> <!-- setup -->
        <test-method status="PASS" signature="testAddBook(databases.booksapi.beans.Book)[pri:1, instance:databases.testing.BooksApiTest@7e0b0338]" name="testAddBook" duration-ms="11" started-at="2019-06-03T04:32:32Z" data-provider="AddBooksDataProvider" finished-at="2019-06-03T04:32:32Z">
          <params>
            <param index="0">
              <value>
                <![CDATA[Book [id=0, name=Quiet: The Power of Introverts in a World That Can't Stop Talking, author=Susan Cain, seals=7183, price=30.068]]]>
              </value>
            </param>
          </params>
          <reporter-output>
          </reporter-output>
        </test-method> <!-- testAddBook -->
        <test-method status="PASS" signature="setup()[pri:0, instance:databases.testing.BooksApiTest@7e0b0338]" name="setup" is-config="true" duration-ms="1" started-at="2019-06-03T04:32:32Z" finished-at="2019-06-03T04:32:32Z">
          <reporter-output>
          </reporter-output>
        </test-method> <!-- setup -->
        <test-method status="PASS" signature="testAddBook(databases.booksapi.beans.Book)[pri:1, instance:databases.testing.BooksApiTest@7e0b0338]" name="testAddBook" duration-ms="11" started-at="2019-06-03T04:32:32Z" data-provider="AddBooksDataProvider" finished-at="2019-06-03T04:32:32Z">
          <params>
            <param index="0">
              <value>
                <![CDATA[Book [id=0, name=My Side of the Mountain, author=Jean Craighead George, seals=7182, price=18.533]]]>
              </value>
            </param>
          </params>
          <reporter-output>
          </reporter-output>
        </test-method> <!-- testAddBook -->
        <test-method status="PASS" signature="setup()[pri:0, instance:databases.testing.BooksApiTest@7e0b0338]" name="setup" is-config="true" duration-ms="1" started-at="2019-06-03T04:32:32Z" finished-at="2019-06-03T04:32:32Z">
          <reporter-output>
          </reporter-output>
        </test-method> <!-- setup -->
        <test-method status="PASS" signature="testAddBook(databases.booksapi.beans.Book)[pri:1, instance:databases.testing.BooksApiTest@7e0b0338]" name="testAddBook" duration-ms="15" started-at="2019-06-03T04:32:32Z" data-provider="AddBooksDataProvider" finished-at="2019-06-03T04:32:32Z">
          <params>
            <param index="0">
              <value>
                <![CDATA[Book [id=0, name=Year of Wonders, author=Geraldine Brooks, seals=7182, price=1.641]]]>
              </value>
            </param>
          </params>
          <reporter-output>
          </reporter-output>
        </test-method> <!-- testAddBook -->
        <test-method status="PASS" signature="setup()[pri:0, instance:databases.testing.BooksApiTest@7e0b0338]" name="setup" is-config="true" duration-ms="1" started-at="2019-06-03T04:32:32Z" finished-at="2019-06-03T04:32:32Z">
          <reporter-output>
          </reporter-output>
        </test-method> <!-- setup -->
        <test-method status="PASS" signature="testAddBook(databases.booksapi.beans.Book)[pri:1, instance:databases.testing.BooksApiTest@7e0b0338]" name="testAddBook" duration-ms="12" started-at="2019-06-03T04:32:32Z" data-provider="AddBooksDataProvider" finished-at="2019-06-03T04:32:32Z">
          <params>
            <param index="0">
              <value>
                <![CDATA[Book [id=0, name=Two for the Dough (Stephanie Plum, No. 2), author=Janet Evanovich, seals=7173, price=64.25]]]>
              </value>
            </param>
          </params>
          <reporter-output>
          </reporter-output>
        </test-method> <!-- testAddBook -->
        <test-method status="PASS" signature="setup()[pri:0, instance:databases.testing.BooksApiTest@7e0b0338]" name="setup" is-config="true" duration-ms="0" started-at="2019-06-03T04:32:32Z" finished-at="2019-06-03T04:32:32Z">
          <reporter-output>
          </reporter-output>
        </test-method> <!-- setup -->
        <test-method status="PASS" signature="testAddBook(databases.booksapi.beans.Book)[pri:1, instance:databases.testing.BooksApiTest@7e0b0338]" name="testAddBook" duration-ms="16" started-at="2019-06-03T04:32:32Z" data-provider="AddBooksDataProvider" finished-at="2019-06-03T04:32:32Z">
          <params>
            <param index="0">
              <value>
                <![CDATA[Book [id=0, name=In the Woods, author=Tana French, seals=7162, price=58.9]]]>
              </value>
            </param>
          </params>
          <reporter-output>
          </reporter-output>
        </test-method> <!-- testAddBook -->
        <test-method status="PASS" signature="setup()[pri:0, instance:databases.testing.BooksApiTest@7e0b0338]" name="setup" is-config="true" duration-ms="0" started-at="2019-06-03T04:32:32Z" finished-at="2019-06-03T04:32:32Z">
          <reporter-output>
          </reporter-output>
        </test-method> <!-- setup -->
        <test-method status="PASS" signature="testAddBook(databases.booksapi.beans.Book)[pri:1, instance:databases.testing.BooksApiTest@7e0b0338]" name="testAddBook" duration-ms="14" started-at="2019-06-03T04:32:32Z" data-provider="AddBooksDataProvider" finished-at="2019-06-03T04:32:32Z">
          <params>
            <param index="0">
              <value>
                <![CDATA[Book [id=0, name=The Bhagavad Gita, author=Anonymous, seals=7160, price=88.283]]]>
              </value>
            </param>
          </params>
          <reporter-output>
          </reporter-output>
        </test-method> <!-- testAddBook -->
        <test-method status="PASS" signature="setup()[pri:0, instance:databases.testing.BooksApiTest@7e0b0338]" name="setup" is-config="true" duration-ms="1" started-at="2019-06-03T04:32:32Z" finished-at="2019-06-03T04:32:32Z">
          <reporter-output>
          </reporter-output>
        </test-method> <!-- setup -->
        <test-method status="PASS" signature="testAddBook(databases.booksapi.beans.Book)[pri:1, instance:databases.testing.BooksApiTest@7e0b0338]" name="testAddBook" duration-ms="11" started-at="2019-06-03T04:32:32Z" data-provider="AddBooksDataProvider" finished-at="2019-06-03T04:32:32Z">
          <params>
            <param index="0">
              <value>
                <![CDATA[Book [id=0, name=Firestarter, author=Stephen King, seals=7156, price=86.481]]]>
              </value>
            </param>
          </params>
          <reporter-output>
          </reporter-output>
        </test-method> <!-- testAddBook -->
        <test-method status="PASS" signature="setup()[pri:0, instance:databases.testing.BooksApiTest@7e0b0338]" name="setup" is-config="true" duration-ms="1" started-at="2019-06-03T04:32:32Z" finished-at="2019-06-03T04:32:32Z">
          <reporter-output>
          </reporter-output>
        </test-method> <!-- setup -->
        <test-method status="PASS" signature="testAddBook(databases.booksapi.beans.Book)[pri:1, instance:databases.testing.BooksApiTest@7e0b0338]" name="testAddBook" duration-ms="23" started-at="2019-06-03T04:32:32Z" data-provider="AddBooksDataProvider" finished-at="2019-06-03T04:32:32Z">
          <params>
            <param index="0">
              <value>
                <![CDATA[Book [id=0, name=Master and Commander, author=Patrick O'Brian, seals=7156, price=41.209]]]>
              </value>
            </param>
          </params>
          <reporter-output>
          </reporter-output>
        </test-method> <!-- testAddBook -->
        <test-method status="PASS" signature="setup()[pri:0, instance:databases.testing.BooksApiTest@7e0b0338]" name="setup" is-config="true" duration-ms="1" started-at="2019-06-03T04:32:32Z" finished-at="2019-06-03T04:32:32Z">
          <reporter-output>
          </reporter-output>
        </test-method> <!-- setup -->
        <test-method status="PASS" signature="testAddBook(databases.booksapi.beans.Book)[pri:1, instance:databases.testing.BooksApiTest@7e0b0338]" name="testAddBook" duration-ms="16" started-at="2019-06-03T04:32:32Z" data-provider="AddBooksDataProvider" finished-at="2019-06-03T04:32:32Z">
          <params>
            <param index="0">
              <value>
                <![CDATA[Book [id=0, name=Love You Forever, author=Robert Munsch, seals=7150, price=65.922]]]>
              </value>
            </param>
          </params>
          <reporter-output>
          </reporter-output>
        </test-method> <!-- testAddBook -->
        <test-method status="PASS" signature="setup()[pri:0, instance:databases.testing.BooksApiTest@7e0b0338]" name="setup" is-config="true" duration-ms="0" started-at="2019-06-03T04:32:32Z" finished-at="2019-06-03T04:32:32Z">
          <reporter-output>
          </reporter-output>
        </test-method> <!-- setup -->
        <test-method status="PASS" signature="testAddBook(databases.booksapi.beans.Book)[pri:1, instance:databases.testing.BooksApiTest@7e0b0338]" name="testAddBook" duration-ms="10" started-at="2019-06-03T04:32:32Z" data-provider="AddBooksDataProvider" finished-at="2019-06-03T04:32:32Z">
          <params>
            <param index="0">
              <value>
                <![CDATA[Book [id=0, name=I, Claudius, author=Robert Graves, seals=7135, price=0.588]]]>
              </value>
            </param>
          </params>
          <reporter-output>
          </reporter-output>
        </test-method> <!-- testAddBook -->
        <test-method status="PASS" signature="setup()[pri:0, instance:databases.testing.BooksApiTest@7e0b0338]" name="setup" is-config="true" duration-ms="0" started-at="2019-06-03T04:32:32Z" finished-at="2019-06-03T04:32:32Z">
          <reporter-output>
          </reporter-output>
        </test-method> <!-- setup -->
        <test-method status="PASS" signature="testAddBook(databases.booksapi.beans.Book)[pri:1, instance:databases.testing.BooksApiTest@7e0b0338]" name="testAddBook" duration-ms="12" started-at="2019-06-03T04:32:32Z" data-provider="AddBooksDataProvider" finished-at="2019-06-03T04:32:32Z">
          <params>
            <param index="0">
              <value>
                <![CDATA[Book [id=0, name=The Well of Lost Plots, author=Jasper Fforde, seals=7129, price=59.44]]]>
              </value>
            </param>
          </params>
          <reporter-output>
          </reporter-output>
        </test-method> <!-- testAddBook -->
        <test-method status="PASS" signature="setup()[pri:0, instance:databases.testing.BooksApiTest@7e0b0338]" name="setup" is-config="true" duration-ms="1" started-at="2019-06-03T04:32:32Z" finished-at="2019-06-03T04:32:32Z">
          <reporter-output>
          </reporter-output>
        </test-method> <!-- setup -->
        <test-method status="PASS" signature="testAddBook(databases.booksapi.beans.Book)[pri:1, instance:databases.testing.BooksApiTest@7e0b0338]" name="testAddBook" duration-ms="9" started-at="2019-06-03T04:32:32Z" data-provider="AddBooksDataProvider" finished-at="2019-06-03T04:32:32Z">
          <params>
            <param index="0">
              <value>
                <![CDATA[Book [id=0, name=The Rule of Four, author=Ian Caldwell, seals=7126, price=81.04]]]>
              </value>
            </param>
          </params>
          <reporter-output>
          </reporter-output>
        </test-method> <!-- testAddBook -->
        <test-method status="PASS" signature="setup()[pri:0, instance:databases.testing.BooksApiTest@7e0b0338]" name="setup" is-config="true" duration-ms="2" started-at="2019-06-03T04:32:32Z" finished-at="2019-06-03T04:32:32Z">
          <reporter-output>
          </reporter-output>
        </test-method> <!-- setup -->
        <test-method status="PASS" signature="testAddBook(databases.booksapi.beans.Book)[pri:1, instance:databases.testing.BooksApiTest@7e0b0338]" name="testAddBook" duration-ms="19" started-at="2019-06-03T04:32:32Z" data-provider="AddBooksDataProvider" finished-at="2019-06-03T04:32:32Z">
          <params>
            <param index="0">
              <value>
                <![CDATA[Book [id=0, name=A Moveable Feast, author=Ernest Hemingway, seals=7114, price=0.68]]]>
              </value>
            </param>
          </params>
          <reporter-output>
          </reporter-output>
        </test-method> <!-- testAddBook -->
        <test-method status="PASS" signature="setup()[pri:0, instance:databases.testing.BooksApiTest@7e0b0338]" name="setup" is-config="true" duration-ms="1" started-at="2019-06-03T04:32:32Z" finished-at="2019-06-03T04:32:32Z">
          <reporter-output>
          </reporter-output>
        </test-method> <!-- setup -->
        <test-method status="PASS" signature="testAddBook(databases.booksapi.beans.Book)[pri:1, instance:databases.testing.BooksApiTest@7e0b0338]" name="testAddBook" duration-ms="16" started-at="2019-06-03T04:32:32Z" data-provider="AddBooksDataProvider" finished-at="2019-06-03T04:32:32Z">
          <params>
            <param index="0">
              <value>
                <![CDATA[Book [id=0, name=Charlie and the Great Glass Elevator, author=Roald Dahl, seals=7106, price=60.636]]]>
              </value>
            </param>
          </params>
          <reporter-output>
          </reporter-output>
        </test-method> <!-- testAddBook -->
        <test-method status="PASS" signature="setup()[pri:0, instance:databases.testing.BooksApiTest@7e0b0338]" name="setup" is-config="true" duration-ms="0" started-at="2019-06-03T04:32:32Z" finished-at="2019-06-03T04:32:32Z">
          <reporter-output>
          </reporter-output>
        </test-method> <!-- setup -->
        <test-method status="PASS" signature="testAddBook(databases.booksapi.beans.Book)[pri:1, instance:databases.testing.BooksApiTest@7e0b0338]" name="testAddBook" duration-ms="12" started-at="2019-06-03T04:32:32Z" data-provider="AddBooksDataProvider" finished-at="2019-06-03T04:32:32Z">
          <params>
            <param index="0">
              <value>
                <![CDATA[Book [id=0, name=The Red and the Black, author=Stendhal, seals=7100, price=97.268]]]>
              </value>
            </param>
          </params>
          <reporter-output>
          </reporter-output>
        </test-method> <!-- testAddBook -->
        <test-method status="PASS" signature="testAddBook(databases.booksapi.beans.Book)[pri:1, instance:databases.testing.BooksApiTest@7e0b0338]" name="testAddBook" duration-ms="10" started-at="2019-06-03T04:32:32Z" data-provider="AddBooksDataProvider" finished-at="2019-06-03T04:32:32Z">
          <params>
            <param index="0">
              <value>
                <![CDATA[Book [id=0, name=Beyond Good and Evil: Prelude to a Philosophy of the Future, author=Friedrich Nietzsche, seals=7094, price=66.929]]]>
              </value>
            </param>
          </params>
          <reporter-output>
          </reporter-output>
        </test-method> <!-- testAddBook -->
        <test-method status="PASS" signature="setup()[pri:0, instance:databases.testing.BooksApiTest@7e0b0338]" name="setup" is-config="true" duration-ms="0" started-at="2019-06-03T04:32:32Z" finished-at="2019-06-03T04:32:32Z">
          <reporter-output>
          </reporter-output>
        </test-method> <!-- setup -->
        <test-method status="PASS" signature="testAddBook(databases.booksapi.beans.Book)[pri:1, instance:databases.testing.BooksApiTest@7e0b0338]" name="testAddBook" duration-ms="13" started-at="2019-06-03T04:32:32Z" data-provider="AddBooksDataProvider" finished-at="2019-06-03T04:32:32Z">
          <params>
            <param index="0">
              <value>
                <![CDATA[Book [id=0, name=The Casual Vacancy, author=J. K. Rowling, seals=7091, price=6.675]]]>
              </value>
            </param>
          </params>
          <reporter-output>
          </reporter-output>
        </test-method> <!-- testAddBook -->
        <test-method status="PASS" signature="setup()[pri:0, instance:databases.testing.BooksApiTest@7e0b0338]" name="setup" is-config="true" duration-ms="0" started-at="2019-06-03T04:32:32Z" finished-at="2019-06-03T04:32:32Z">
          <reporter-output>
          </reporter-output>
        </test-method> <!-- setup -->
        <test-method status="PASS" signature="setup()[pri:0, instance:databases.testing.BooksApiTest@7e0b0338]" name="setup" is-config="true" duration-ms="0" started-at="2019-06-03T04:32:32Z" finished-at="2019-06-03T04:32:32Z">
          <reporter-output>
          </reporter-output>
        </test-method> <!-- setup -->
        <test-method status="PASS" signature="testAddBook(databases.booksapi.beans.Book)[pri:1, instance:databases.testing.BooksApiTest@7e0b0338]" name="testAddBook" duration-ms="12" started-at="2019-06-03T04:32:32Z" data-provider="AddBooksDataProvider" finished-at="2019-06-03T04:32:32Z">
          <params>
            <param index="0">
              <value>
                <![CDATA[Book [id=0, name=The Opal Deception, author=Eoin Colfer, seals=7087, price=38.594]]]>
              </value>
            </param>
          </params>
          <reporter-output>
          </reporter-output>
        </test-method> <!-- testAddBook -->
        <test-method status="PASS" signature="setup()[pri:0, instance:databases.testing.BooksApiTest@7e0b0338]" name="setup" is-config="true" duration-ms="0" started-at="2019-06-03T04:32:32Z" finished-at="2019-06-03T04:32:32Z">
          <reporter-output>
          </reporter-output>
        </test-method> <!-- setup -->
        <test-method status="PASS" signature="testAddBook(databases.booksapi.beans.Book)[pri:1, instance:databases.testing.BooksApiTest@7e0b0338]" name="testAddBook" duration-ms="12" started-at="2019-06-03T04:32:32Z" data-provider="AddBooksDataProvider" finished-at="2019-06-03T04:32:32Z">
          <params>
            <param index="0">
              <value>
                <![CDATA[Book [id=0, name=Dragonflight, author=Anne McCaffrey, seals=7087, price=41.844]]]>
              </value>
            </param>
          </params>
          <reporter-output>
          </reporter-output>
        </test-method> <!-- testAddBook -->
        <test-method status="PASS" signature="setup()[pri:0, instance:databases.testing.BooksApiTest@7e0b0338]" name="setup" is-config="true" duration-ms="1" started-at="2019-06-03T04:32:32Z" finished-at="2019-06-03T04:32:32Z">
          <reporter-output>
          </reporter-output>
        </test-method> <!-- setup -->
        <test-method status="PASS" signature="testAddBook(databases.booksapi.beans.Book)[pri:1, instance:databases.testing.BooksApiTest@7e0b0338]" name="testAddBook" duration-ms="11" started-at="2019-06-03T04:32:32Z" data-provider="AddBooksDataProvider" finished-at="2019-06-03T04:32:32Z">
          <params>
            <param index="0">
              <value>
                <![CDATA[Book [id=0, name=The Forever War, author=Joe Haldeman, seals=7085, price=17.282]]]>
              </value>
            </param>
          </params>
          <reporter-output>
          </reporter-output>
        </test-method> <!-- testAddBook -->
        <test-method status="PASS" signature="setup()[pri:0, instance:databases.testing.BooksApiTest@7e0b0338]" name="setup" is-config="true" duration-ms="1" started-at="2019-06-03T04:32:32Z" finished-at="2019-06-03T04:32:32Z">
          <reporter-output>
          </reporter-output>
        </test-method> <!-- setup -->
        <test-method status="PASS" signature="testAddBook(databases.booksapi.beans.Book)[pri:1, instance:databases.testing.BooksApiTest@7e0b0338]" name="testAddBook" duration-ms="8" started-at="2019-06-03T04:32:32Z" data-provider="AddBooksDataProvider" finished-at="2019-06-03T04:32:33Z">
          <params>
            <param index="0">
              <value>
                <![CDATA[Book [id=0, name=The Tommyknockers, author=Stephen King, seals=7084, price=45.706]]]>
              </value>
            </param>
          </params>
          <reporter-output>
          </reporter-output>
        </test-method> <!-- testAddBook -->
        <test-method status="PASS" signature="setup()[pri:0, instance:databases.testing.BooksApiTest@7e0b0338]" name="setup" is-config="true" duration-ms="0" started-at="2019-06-03T04:32:33Z" finished-at="2019-06-03T04:32:33Z">
          <reporter-output>
          </reporter-output>
        </test-method> <!-- setup -->
        <test-method status="PASS" signature="testAddBook(databases.booksapi.beans.Book)[pri:1, instance:databases.testing.BooksApiTest@7e0b0338]" name="testAddBook" duration-ms="11" started-at="2019-06-03T04:32:33Z" data-provider="AddBooksDataProvider" finished-at="2019-06-03T04:32:33Z">
          <params>
            <param index="0">
              <value>
                <![CDATA[Book [id=0, name=The Federalist Papers, author=Alexander Hamilton, seals=7076, price=57.029]]]>
              </value>
            </param>
          </params>
          <reporter-output>
          </reporter-output>
        </test-method> <!-- testAddBook -->
        <test-method status="PASS" signature="setup()[pri:0, instance:databases.testing.BooksApiTest@7e0b0338]" name="setup" is-config="true" duration-ms="1" started-at="2019-06-03T04:32:33Z" finished-at="2019-06-03T04:32:33Z">
          <reporter-output>
          </reporter-output>
        </test-method> <!-- setup -->
        <test-method status="PASS" signature="testAddBook(databases.booksapi.beans.Book)[pri:1, instance:databases.testing.BooksApiTest@7e0b0338]" name="testAddBook" duration-ms="18" started-at="2019-06-03T04:32:33Z" data-provider="AddBooksDataProvider" finished-at="2019-06-03T04:32:33Z">
          <params>
            <param index="0">
              <value>
                <![CDATA[Book [id=0, name=Under the Banner of Heaven: A Story of Violent Faith, author=Jon Krakauer, seals=7073, price=57.37]]]>
              </value>
            </param>
          </params>
          <reporter-output>
          </reporter-output>
        </test-method> <!-- testAddBook -->
        <test-method status="PASS" signature="setup()[pri:0, instance:databases.testing.BooksApiTest@7e0b0338]" name="setup" is-config="true" duration-ms="1" started-at="2019-06-03T04:32:33Z" finished-at="2019-06-03T04:32:33Z">
          <reporter-output>
          </reporter-output>
        </test-method> <!-- setup -->
        <test-method status="PASS" signature="testAddBook(databases.booksapi.beans.Book)[pri:1, instance:databases.testing.BooksApiTest@7e0b0338]" name="testAddBook" duration-ms="11" started-at="2019-06-03T04:32:33Z" data-provider="AddBooksDataProvider" finished-at="2019-06-03T04:32:33Z">
          <params>
            <param index="0">
              <value>
                <![CDATA[Book [id=0, name=Daughter of Fortune: A Novel (P.S.), author=Isabel Allende, seals=7070, price=20.246]]]>
              </value>
            </param>
          </params>
          <reporter-output>
          </reporter-output>
        </test-method> <!-- testAddBook -->
        <test-method status="PASS" signature="setup()[pri:0, instance:databases.testing.BooksApiTest@7e0b0338]" name="setup" is-config="true" duration-ms="0" started-at="2019-06-03T04:32:33Z" finished-at="2019-06-03T04:32:33Z">
          <reporter-output>
          </reporter-output>
        </test-method> <!-- setup -->
        <test-method status="PASS" signature="testAddBook(databases.booksapi.beans.Book)[pri:1, instance:databases.testing.BooksApiTest@7e0b0338]" name="testAddBook" duration-ms="22" started-at="2019-06-03T04:32:33Z" data-provider="AddBooksDataProvider" finished-at="2019-06-03T04:32:33Z">
          <params>
            <param index="0">
              <value>
                <![CDATA[Book [id=0, name=The Magic Mountain, author=Thomas Mann, seals=7067, price=79.91]]]>
              </value>
            </param>
          </params>
          <reporter-output>
          </reporter-output>
        </test-method> <!-- testAddBook -->
        <test-method status="PASS" signature="setup()[pri:0, instance:databases.testing.BooksApiTest@7e0b0338]" name="setup" is-config="true" duration-ms="0" started-at="2019-06-03T04:32:33Z" finished-at="2019-06-03T04:32:33Z">
          <reporter-output>
          </reporter-output>
        </test-method> <!-- setup -->
        <test-method status="PASS" signature="testAddBook(databases.booksapi.beans.Book)[pri:1, instance:databases.testing.BooksApiTest@7e0b0338]" name="testAddBook" duration-ms="14" started-at="2019-06-03T04:32:33Z" data-provider="AddBooksDataProvider" finished-at="2019-06-03T04:32:33Z">
          <params>
            <param index="0">
              <value>
                <![CDATA[Book [id=0, name=The Passage, author=Justin Cronin, seals=7066, price=66.285]]]>
              </value>
            </param>
          </params>
          <reporter-output>
          </reporter-output>
        </test-method> <!-- testAddBook -->
        <test-method status="PASS" signature="setup()[pri:0, instance:databases.testing.BooksApiTest@7e0b0338]" name="setup" is-config="true" duration-ms="0" started-at="2019-06-03T04:32:33Z" finished-at="2019-06-03T04:32:33Z">
          <reporter-output>
          </reporter-output>
        </test-method> <!-- setup -->
        <test-method status="PASS" signature="testAddBook(databases.booksapi.beans.Book)[pri:1, instance:databases.testing.BooksApiTest@7e0b0338]" name="testAddBook" duration-ms="11" started-at="2019-06-03T04:32:33Z" data-provider="AddBooksDataProvider" finished-at="2019-06-03T04:32:33Z">
          <params>
            <param index="0">
              <value>
                <![CDATA[Book [id=0, name=Inferno, author=Dan Brown, seals=7065, price=66.791]]]>
              </value>
            </param>
          </params>
          <reporter-output>
          </reporter-output>
        </test-method> <!-- testAddBook -->
        <test-method status="PASS" signature="setup()[pri:0, instance:databases.testing.BooksApiTest@7e0b0338]" name="setup" is-config="true" duration-ms="1" started-at="2019-06-03T04:32:33Z" finished-at="2019-06-03T04:32:33Z">
          <reporter-output>
          </reporter-output>
        </test-method> <!-- setup -->
        <test-method status="PASS" signature="testAddBook(databases.booksapi.beans.Book)[pri:1, instance:databases.testing.BooksApiTest@7e0b0338]" name="testAddBook" duration-ms="18" started-at="2019-06-03T04:32:33Z" data-provider="AddBooksDataProvider" finished-at="2019-06-03T04:32:33Z">
          <params>
            <param index="0">
              <value>
                <![CDATA[Book [id=0, name=Odd Thomas, author=Dean Koontz, seals=7060, price=13.714]]]>
              </value>
            </param>
          </params>
          <reporter-output>
          </reporter-output>
        </test-method> <!-- testAddBook -->
        <test-method status="PASS" signature="setup()[pri:0, instance:databases.testing.BooksApiTest@7e0b0338]" name="setup" is-config="true" duration-ms="0" started-at="2019-06-03T04:32:33Z" finished-at="2019-06-03T04:32:33Z">
          <reporter-output>
          </reporter-output>
        </test-method> <!-- setup -->
        <test-method status="PASS" signature="testAddBook(databases.booksapi.beans.Book)[pri:1, instance:databases.testing.BooksApiTest@7e0b0338]" name="testAddBook" duration-ms="10" started-at="2019-06-03T04:32:33Z" data-provider="AddBooksDataProvider" finished-at="2019-06-03T04:32:33Z">
          <params>
            <param index="0">
              <value>
                <![CDATA[Book [id=0, name=Chronicle of a Death Foretold, author=Gabriel Garcia Marquez, seals=7059, price=26.663]]]>
              </value>
            </param>
          </params>
          <reporter-output>
          </reporter-output>
        </test-method> <!-- testAddBook -->
        <test-method status="PASS" signature="setup()[pri:0, instance:databases.testing.BooksApiTest@7e0b0338]" name="setup" is-config="true" duration-ms="1" started-at="2019-06-03T04:32:33Z" finished-at="2019-06-03T04:32:33Z">
          <reporter-output>
          </reporter-output>
        </test-method> <!-- setup -->
        <test-method status="PASS" signature="testAddBook(databases.booksapi.beans.Book)[pri:1, instance:databases.testing.BooksApiTest@7e0b0338]" name="testAddBook" duration-ms="12" started-at="2019-06-03T04:32:33Z" data-provider="AddBooksDataProvider" finished-at="2019-06-03T04:32:33Z">
          <params>
            <param index="0">
              <value>
                <![CDATA[Book [id=0, name=The Magicians: A Novel, author=Lev Grossman, seals=7038, price=55.288]]]>
              </value>
            </param>
          </params>
          <reporter-output>
          </reporter-output>
        </test-method> <!-- testAddBook -->
        <test-method status="PASS" signature="setup()[pri:0, instance:databases.testing.BooksApiTest@7e0b0338]" name="setup" is-config="true" duration-ms="0" started-at="2019-06-03T04:32:33Z" finished-at="2019-06-03T04:32:33Z">
          <reporter-output>
          </reporter-output>
        </test-method> <!-- setup -->
        <test-method status="PASS" signature="testAddBook(databases.booksapi.beans.Book)[pri:1, instance:databases.testing.BooksApiTest@7e0b0338]" name="testAddBook" duration-ms="20" started-at="2019-06-03T04:32:33Z" data-provider="AddBooksDataProvider" finished-at="2019-06-03T04:32:33Z">
          <params>
            <param index="0">
              <value>
                <![CDATA[Book [id=0, name=The Tao of Pooh, author=Benjamin Hoff, seals=7032, price=24.041]]]>
              </value>
            </param>
          </params>
          <reporter-output>
          </reporter-output>
        </test-method> <!-- testAddBook -->
        <test-method status="PASS" signature="setup()[pri:0, instance:databases.testing.BooksApiTest@7e0b0338]" name="setup" is-config="true" duration-ms="17" started-at="2019-06-03T04:32:33Z" finished-at="2019-06-03T04:32:33Z">
          <reporter-output>
          </reporter-output>
        </test-method> <!-- setup -->
        <test-method status="PASS" signature="testAddBook(databases.booksapi.beans.Book)[pri:1, instance:databases.testing.BooksApiTest@7e0b0338]" name="testAddBook" duration-ms="14" started-at="2019-06-03T04:32:33Z" data-provider="AddBooksDataProvider" finished-at="2019-06-03T04:32:33Z">
          <params>
            <param index="0">
              <value>
                <![CDATA[Book [id=0, name=The Lost Hero, author=Rick Riordan, seals=7028, price=36.05]]]>
              </value>
            </param>
          </params>
          <reporter-output>
          </reporter-output>
        </test-method> <!-- testAddBook -->
        <test-method status="PASS" signature="testAddBook(databases.booksapi.beans.Book)[pri:1, instance:databases.testing.BooksApiTest@7e0b0338]" name="testAddBook" duration-ms="12" started-at="2019-06-03T04:32:33Z" data-provider="AddBooksDataProvider" finished-at="2019-06-03T04:32:33Z">
          <params>
            <param index="0">
              <value>
                <![CDATA[Book [id=0, name=Guess How Much I Love You, author=Sam McBratney, seals=7027, price=35.148]]]>
              </value>
            </param>
          </params>
          <reporter-output>
          </reporter-output>
        </test-method> <!-- testAddBook -->
        <test-method status="PASS" signature="setup()[pri:0, instance:databases.testing.BooksApiTest@7e0b0338]" name="setup" is-config="true" duration-ms="0" started-at="2019-06-03T04:32:33Z" finished-at="2019-06-03T04:32:33Z">
          <reporter-output>
          </reporter-output>
        </test-method> <!-- setup -->
        <test-method status="PASS" signature="setup()[pri:0, instance:databases.testing.BooksApiTest@7e0b0338]" name="setup" is-config="true" duration-ms="1" started-at="2019-06-03T04:32:33Z" finished-at="2019-06-03T04:32:33Z">
          <reporter-output>
          </reporter-output>
        </test-method> <!-- setup -->
        <test-method status="PASS" signature="testAddBook(databases.booksapi.beans.Book)[pri:1, instance:databases.testing.BooksApiTest@7e0b0338]" name="testAddBook" duration-ms="15" started-at="2019-06-03T04:32:33Z" data-provider="AddBooksDataProvider" finished-at="2019-06-03T04:32:33Z">
          <params>
            <param index="0">
              <value>
                <![CDATA[Book [id=0, name=The Amulet of Samarkand, author=Jonathan Stroud, seals=7026, price=32.878]]]>
              </value>
            </param>
          </params>
          <reporter-output>
          </reporter-output>
        </test-method> <!-- testAddBook -->
        <test-method status="PASS" signature="setup()[pri:0, instance:databases.testing.BooksApiTest@7e0b0338]" name="setup" is-config="true" duration-ms="0" started-at="2019-06-03T04:32:33Z" finished-at="2019-06-03T04:32:33Z">
          <reporter-output>
          </reporter-output>
        </test-method> <!-- setup -->
        <test-method status="PASS" signature="testAddBook(databases.booksapi.beans.Book)[pri:1, instance:databases.testing.BooksApiTest@7e0b0338]" name="testAddBook" duration-ms="14" started-at="2019-06-03T04:32:33Z" data-provider="AddBooksDataProvider" finished-at="2019-06-03T04:32:33Z">
          <params>
            <param index="0">
              <value>
                <![CDATA[Book [id=0, name=Tropic of Cancer, author=Henry Miller, seals=7025, price=26.456]]]>
              </value>
            </param>
          </params>
          <reporter-output>
          </reporter-output>
        </test-method> <!-- testAddBook -->
        <test-method status="PASS" signature="testAddBook(databases.booksapi.beans.Book)[pri:1, instance:databases.testing.BooksApiTest@7e0b0338]" name="testAddBook" duration-ms="15" started-at="2019-06-03T04:32:33Z" data-provider="AddBooksDataProvider" finished-at="2019-06-03T04:32:33Z">
          <params>
            <param index="0">
              <value>
                <![CDATA[Book [id=0, name=Invisible Monsters, author=Chuck Palahniuk, seals=7023, price=36.999]]]>
              </value>
            </param>
          </params>
          <reporter-output>
          </reporter-output>
        </test-method> <!-- testAddBook -->
        <test-method status="PASS" signature="setup()[pri:0, instance:databases.testing.BooksApiTest@7e0b0338]" name="setup" is-config="true" duration-ms="0" started-at="2019-06-03T04:32:33Z" finished-at="2019-06-03T04:32:33Z">
          <reporter-output>
          </reporter-output>
        </test-method> <!-- setup -->
        <test-method status="PASS" signature="setup()[pri:0, instance:databases.testing.BooksApiTest@7e0b0338]" name="setup" is-config="true" duration-ms="1" started-at="2019-06-03T04:32:33Z" finished-at="2019-06-03T04:32:33Z">
          <reporter-output>
          </reporter-output>
        </test-method> <!-- setup -->
        <test-method status="PASS" signature="testAddBook(databases.booksapi.beans.Book)[pri:1, instance:databases.testing.BooksApiTest@7e0b0338]" name="testAddBook" duration-ms="10" started-at="2019-06-03T04:32:33Z" data-provider="AddBooksDataProvider" finished-at="2019-06-03T04:32:33Z">
          <params>
            <param index="0">
              <value>
                <![CDATA[Book [id=0, name=Howards End, author=E. M. Forster, seals=7023, price=20.253]]]>
              </value>
            </param>
          </params>
          <reporter-output>
          </reporter-output>
        </test-method> <!-- testAddBook -->
        <test-method status="PASS" signature="setup()[pri:0, instance:databases.testing.BooksApiTest@7e0b0338]" name="setup" is-config="true" duration-ms="1" started-at="2019-06-03T04:32:33Z" finished-at="2019-06-03T04:32:33Z">
          <reporter-output>
          </reporter-output>
        </test-method> <!-- setup -->
        <test-method status="PASS" signature="testAddBook(databases.booksapi.beans.Book)[pri:1, instance:databases.testing.BooksApiTest@7e0b0338]" name="testAddBook" duration-ms="10" started-at="2019-06-03T04:32:33Z" data-provider="AddBooksDataProvider" finished-at="2019-06-03T04:32:33Z">
          <params>
            <param index="0">
              <value>
                <![CDATA[Book [id=0, name=The Girl Who Loved Tom Gordon, author=Stephen King, seals=7022, price=80.467]]]>
              </value>
            </param>
          </params>
          <reporter-output>
          </reporter-output>
        </test-method> <!-- testAddBook -->
        <test-method status="PASS" signature="setup()[pri:0, instance:databases.testing.BooksApiTest@7e0b0338]" name="setup" is-config="true" duration-ms="0" started-at="2019-06-03T04:32:33Z" finished-at="2019-06-03T04:32:33Z">
          <reporter-output>
          </reporter-output>
        </test-method> <!-- setup -->
        <test-method status="PASS" signature="testAddBook(databases.booksapi.beans.Book)[pri:1, instance:databases.testing.BooksApiTest@7e0b0338]" name="testAddBook" duration-ms="11" started-at="2019-06-03T04:32:33Z" data-provider="AddBooksDataProvider" finished-at="2019-06-03T04:32:33Z">
          <params>
            <param index="0">
              <value>
                <![CDATA[Book [id=0, name=The Maltese Falcon, author=Dashiell Hammett, seals=7021, price=22.6]]]>
              </value>
            </param>
          </params>
          <reporter-output>
          </reporter-output>
        </test-method> <!-- testAddBook -->
        <test-method status="PASS" signature="testAddBook(databases.booksapi.beans.Book)[pri:1, instance:databases.testing.BooksApiTest@7e0b0338]" name="testAddBook" duration-ms="14" started-at="2019-06-03T04:32:33Z" data-provider="AddBooksDataProvider" finished-at="2019-06-03T04:32:33Z">
          <params>
            <param index="0">
              <value>
                <![CDATA[Book [id=0, name=State of Fear, author=Michael Crichton, seals=7018, price=30.485]]]>
              </value>
            </param>
          </params>
          <reporter-output>
          </reporter-output>
        </test-method> <!-- testAddBook -->
        <test-method status="PASS" signature="setup()[pri:0, instance:databases.testing.BooksApiTest@7e0b0338]" name="setup" is-config="true" duration-ms="0" started-at="2019-06-03T04:32:33Z" finished-at="2019-06-03T04:32:33Z">
          <reporter-output>
          </reporter-output>
        </test-method> <!-- setup -->
        <test-method status="PASS" signature="setup()[pri:0, instance:databases.testing.BooksApiTest@7e0b0338]" name="setup" is-config="true" duration-ms="1" started-at="2019-06-03T04:32:33Z" finished-at="2019-06-03T04:32:33Z">
          <reporter-output>
          </reporter-output>
        </test-method> <!-- setup -->
        <test-method status="PASS" signature="testAddBook(databases.booksapi.beans.Book)[pri:1, instance:databases.testing.BooksApiTest@7e0b0338]" name="testAddBook" duration-ms="10" started-at="2019-06-03T04:32:33Z" data-provider="AddBooksDataProvider" finished-at="2019-06-03T04:32:33Z">
          <params>
            <param index="0">
              <value>
                <![CDATA[Book [id=0, name=Crossroads of Twilight, author=Robert Jordan, seals=7008, price=29.381]]]>
              </value>
            </param>
          </params>
          <reporter-output>
          </reporter-output>
        </test-method> <!-- testAddBook -->
        <test-method status="PASS" signature="testAddBook(databases.booksapi.beans.Book)[pri:1, instance:databases.testing.BooksApiTest@7e0b0338]" name="testAddBook" duration-ms="11" started-at="2019-06-03T04:32:33Z" data-provider="AddBooksDataProvider" finished-at="2019-06-03T04:32:33Z">
          <params>
            <param index="0">
              <value>
                <![CDATA[Book [id=0, name=Son of a Witch, author=Gregory Maguire, seals=7004, price=20.688]]]>
              </value>
            </param>
          </params>
          <reporter-output>
          </reporter-output>
        </test-method> <!-- testAddBook -->
        <test-method status="PASS" signature="setup()[pri:0, instance:databases.testing.BooksApiTest@7e0b0338]" name="setup" is-config="true" duration-ms="0" started-at="2019-06-03T04:32:33Z" finished-at="2019-06-03T04:32:33Z">
          <reporter-output>
          </reporter-output>
        </test-method> <!-- setup -->
        <test-method status="PASS" signature="testAddBook(databases.booksapi.beans.Book)[pri:1, instance:databases.testing.BooksApiTest@7e0b0338]" name="testAddBook" duration-ms="14" started-at="2019-06-03T04:32:33Z" data-provider="AddBooksDataProvider" finished-at="2019-06-03T04:32:33Z">
          <params>
            <param index="0">
              <value>
                <![CDATA[Book [id=0, name=Lord Jim, author=Joseph Conrad, seals=7001, price=24.704]]]>
              </value>
            </param>
          </params>
          <reporter-output>
          </reporter-output>
        </test-method> <!-- testAddBook -->
        <test-method status="PASS" signature="setup()[pri:0, instance:databases.testing.BooksApiTest@7e0b0338]" name="setup" is-config="true" duration-ms="0" started-at="2019-06-03T04:32:33Z" finished-at="2019-06-03T04:32:33Z">
          <reporter-output>
          </reporter-output>
        </test-method> <!-- setup -->
        <test-method status="PASS" signature="setup()[pri:0, instance:databases.testing.BooksApiTest@7e0b0338]" name="setup" is-config="true" duration-ms="0" started-at="2019-06-03T04:32:33Z" finished-at="2019-06-03T04:32:33Z">
          <reporter-output>
          </reporter-output>
        </test-method> <!-- setup -->
        <test-method status="PASS" signature="testAddBook(databases.booksapi.beans.Book)[pri:1, instance:databases.testing.BooksApiTest@7e0b0338]" name="testAddBook" duration-ms="13" started-at="2019-06-03T04:32:33Z" data-provider="AddBooksDataProvider" finished-at="2019-06-03T04:32:33Z">
          <params>
            <param index="0">
              <value>
                <![CDATA[Book [id=0, name=The Chamber, author=John Grisham, seals=6992, price=91.415]]]>
              </value>
            </param>
          </params>
          <reporter-output>
          </reporter-output>
        </test-method> <!-- testAddBook -->
        <test-method status="PASS" signature="testAddBook(databases.booksapi.beans.Book)[pri:1, instance:databases.testing.BooksApiTest@7e0b0338]" name="testAddBook" duration-ms="13" started-at="2019-06-03T04:32:33Z" data-provider="AddBooksDataProvider" finished-at="2019-06-03T04:32:33Z">
          <params>
            <param index="0">
              <value>
                <![CDATA[Book [id=0, name=Eric, author=Terry Pratchett, seals=6985, price=10.827]]]>
              </value>
            </param>
          </params>
          <reporter-output>
          </reporter-output>
        </test-method> <!-- testAddBook -->
        <test-method status="PASS" signature="setup()[pri:0, instance:databases.testing.BooksApiTest@7e0b0338]" name="setup" is-config="true" duration-ms="0" started-at="2019-06-03T04:32:33Z" finished-at="2019-06-03T04:32:33Z">
          <reporter-output>
          </reporter-output>
        </test-method> <!-- setup -->
        <test-method status="PASS" signature="setup()[pri:0, instance:databases.testing.BooksApiTest@7e0b0338]" name="setup" is-config="true" duration-ms="1" started-at="2019-06-03T04:32:33Z" finished-at="2019-06-03T04:32:33Z">
          <reporter-output>
          </reporter-output>
        </test-method> <!-- setup -->
        <test-method status="PASS" signature="testAddBook(databases.booksapi.beans.Book)[pri:1, instance:databases.testing.BooksApiTest@7e0b0338]" name="testAddBook" duration-ms="10" started-at="2019-06-03T04:32:33Z" data-provider="AddBooksDataProvider" finished-at="2019-06-03T04:32:33Z">
          <params>
            <param index="0">
              <value>
                <![CDATA[Book [id=0, name=Longitude: The True Story of a Lone Genius Who Solved the Greatest Scientific Problem of His Time, author=Dava Sobel, seals=6982, price=68.654]]]>
              </value>
            </param>
          </params>
          <reporter-output>
          </reporter-output>
        </test-method> <!-- testAddBook -->
        <test-method status="PASS" signature="setup()[pri:0, instance:databases.testing.BooksApiTest@7e0b0338]" name="setup" is-config="true" duration-ms="0" started-at="2019-06-03T04:32:33Z" finished-at="2019-06-03T04:32:33Z">
          <reporter-output>
          </reporter-output>
        </test-method> <!-- setup -->
        <test-method status="PASS" signature="testAddBook(databases.booksapi.beans.Book)[pri:1, instance:databases.testing.BooksApiTest@7e0b0338]" name="testAddBook" duration-ms="9" started-at="2019-06-03T04:32:33Z" data-provider="AddBooksDataProvider" finished-at="2019-06-03T04:32:33Z">
          <params>
            <param index="0">
              <value>
                <![CDATA[Book [id=0, name=Dead Souls, author=Nikolai Gogol, seals=6976, price=92.118]]]>
              </value>
            </param>
          </params>
          <reporter-output>
          </reporter-output>
        </test-method> <!-- testAddBook -->
        <test-method status="PASS" signature="setup()[pri:0, instance:databases.testing.BooksApiTest@7e0b0338]" name="setup" is-config="true" duration-ms="1" started-at="2019-06-03T04:32:33Z" finished-at="2019-06-03T04:32:33Z">
          <reporter-output>
          </reporter-output>
        </test-method> <!-- setup -->
        <test-method status="PASS" signature="testAddBook(databases.booksapi.beans.Book)[pri:1, instance:databases.testing.BooksApiTest@7e0b0338]" name="testAddBook" duration-ms="9" started-at="2019-06-03T04:32:33Z" data-provider="AddBooksDataProvider" finished-at="2019-06-03T04:32:33Z">
          <params>
            <param index="0">
              <value>
                <![CDATA[Book [id=0, name=How to Be Good, author=Nick Hornby, seals=6966, price=47.173]]]>
              </value>
            </param>
          </params>
          <reporter-output>
          </reporter-output>
        </test-method> <!-- testAddBook -->
        <test-method status="PASS" signature="testAddBook(databases.booksapi.beans.Book)[pri:1, instance:databases.testing.BooksApiTest@7e0b0338]" name="testAddBook" duration-ms="13" started-at="2019-06-03T04:32:33Z" data-provider="AddBooksDataProvider" finished-at="2019-06-03T04:32:33Z">
          <params>
            <param index="0">
              <value>
                <![CDATA[Book [id=0, name=The Thief Lord, author=Cornelia Funke, seals=6964, price=98.581]]]>
              </value>
            </param>
          </params>
          <reporter-output>
          </reporter-output>
        </test-method> <!-- testAddBook -->
        <test-method status="PASS" signature="setup()[pri:0, instance:databases.testing.BooksApiTest@7e0b0338]" name="setup" is-config="true" duration-ms="0" started-at="2019-06-03T04:32:33Z" finished-at="2019-06-03T04:32:33Z">
          <reporter-output>
          </reporter-output>
        </test-method> <!-- setup -->
        <test-method status="PASS" signature="testAddBook(databases.booksapi.beans.Book)[pri:1, instance:databases.testing.BooksApiTest@7e0b0338]" name="testAddBook" duration-ms="34" started-at="2019-06-03T04:32:33Z" data-provider="AddBooksDataProvider" finished-at="2019-06-03T04:32:33Z">
          <params>
            <param index="0">
              <value>
                <![CDATA[Book [id=0, name=Bossypants, author=Tina Fey, seals=6957, price=32.568]]]>
              </value>
            </param>
          </params>
          <reporter-output>
          </reporter-output>
        </test-method> <!-- testAddBook -->
        <test-method status="PASS" signature="setup()[pri:0, instance:databases.testing.BooksApiTest@7e0b0338]" name="setup" is-config="true" duration-ms="0" started-at="2019-06-03T04:32:33Z" finished-at="2019-06-03T04:32:33Z">
          <reporter-output>
          </reporter-output>
        </test-method> <!-- setup -->
        <test-method status="PASS" signature="testAddBook(databases.booksapi.beans.Book)[pri:1, instance:databases.testing.BooksApiTest@7e0b0338]" name="testAddBook" duration-ms="14" started-at="2019-06-03T04:32:33Z" data-provider="AddBooksDataProvider" finished-at="2019-06-03T04:32:33Z">
          <params>
            <param index="0">
              <value>
                <![CDATA[Book [id=0, name=The Trumpet of the Swan, author=E. B. White, seals=6957, price=12.351]]]>
              </value>
            </param>
          </params>
          <reporter-output>
          </reporter-output>
        </test-method> <!-- testAddBook -->
        <test-method status="PASS" signature="setup()[pri:0, instance:databases.testing.BooksApiTest@7e0b0338]" name="setup" is-config="true" duration-ms="0" started-at="2019-06-03T04:32:33Z" finished-at="2019-06-03T04:32:33Z">
          <reporter-output>
          </reporter-output>
        </test-method> <!-- setup -->
        <test-method status="PASS" signature="testAddBook(databases.booksapi.beans.Book)[pri:1, instance:databases.testing.BooksApiTest@7e0b0338]" name="testAddBook" duration-ms="12" started-at="2019-06-03T04:32:33Z" data-provider="AddBooksDataProvider" finished-at="2019-06-03T04:32:33Z">
          <params>
            <param index="0">
              <value>
                <![CDATA[Book [id=0, name=The Jungle Book, author=Rudyard Kipling, seals=6953, price=91.104]]]>
              </value>
            </param>
          </params>
          <reporter-output>
          </reporter-output>
        </test-method> <!-- testAddBook -->
        <test-method status="PASS" signature="setup()[pri:0, instance:databases.testing.BooksApiTest@7e0b0338]" name="setup" is-config="true" duration-ms="0" started-at="2019-06-03T04:32:33Z" finished-at="2019-06-03T04:32:33Z">
          <reporter-output>
          </reporter-output>
        </test-method> <!-- setup -->
        <test-method status="PASS" signature="setup()[pri:0, instance:databases.testing.BooksApiTest@7e0b0338]" name="setup" is-config="true" duration-ms="0" started-at="2019-06-03T04:32:33Z" finished-at="2019-06-03T04:32:33Z">
          <reporter-output>
          </reporter-output>
        </test-method> <!-- setup -->
        <test-method status="PASS" signature="testAddBook(databases.booksapi.beans.Book)[pri:1, instance:databases.testing.BooksApiTest@7e0b0338]" name="testAddBook" duration-ms="10" started-at="2019-06-03T04:32:33Z" data-provider="AddBooksDataProvider" finished-at="2019-06-03T04:32:33Z">
          <params>
            <param index="0">
              <value>
                <![CDATA[Book [id=0, name=The Imitation of Christ, author=Thomas Ã  Kempis, seals=6953, price=27.694]]]>
              </value>
            </param>
          </params>
          <reporter-output>
          </reporter-output>
        </test-method> <!-- testAddBook -->
        <test-method status="PASS" signature="setup()[pri:0, instance:databases.testing.BooksApiTest@7e0b0338]" name="setup" is-config="true" duration-ms="1" started-at="2019-06-03T04:32:33Z" finished-at="2019-06-03T04:32:33Z">
          <reporter-output>
          </reporter-output>
        </test-method> <!-- setup -->
        <test-method status="PASS" signature="testAddBook(databases.booksapi.beans.Book)[pri:1, instance:databases.testing.BooksApiTest@7e0b0338]" name="testAddBook" duration-ms="10" started-at="2019-06-03T04:32:33Z" data-provider="AddBooksDataProvider" finished-at="2019-06-03T04:32:33Z">
          <params>
            <param index="0">
              <value>
                <![CDATA[Book [id=0, name=The Last Continent, author=Terry Pratchett, seals=6945, price=8.615]]]>
              </value>
            </param>
          </params>
          <reporter-output>
          </reporter-output>
        </test-method> <!-- testAddBook -->
        <test-method status="PASS" signature="setup()[pri:0, instance:databases.testing.BooksApiTest@7e0b0338]" name="setup" is-config="true" duration-ms="1" started-at="2019-06-03T04:32:33Z" finished-at="2019-06-03T04:32:33Z">
          <reporter-output>
          </reporter-output>
        </test-method> <!-- setup -->
        <test-method status="PASS" signature="testAddBook(databases.booksapi.beans.Book)[pri:1, instance:databases.testing.BooksApiTest@7e0b0338]" name="testAddBook" duration-ms="9" started-at="2019-06-03T04:32:33Z" data-provider="AddBooksDataProvider" finished-at="2019-06-03T04:32:33Z">
          <params>
            <param index="0">
              <value>
                <![CDATA[Book [id=0, name=Different Seasons, author=Stephen King, seals=6941, price=69.727]]]>
              </value>
            </param>
          </params>
          <reporter-output>
          </reporter-output>
        </test-method> <!-- testAddBook -->
        <test-method status="PASS" signature="testAddBook(databases.booksapi.beans.Book)[pri:1, instance:databases.testing.BooksApiTest@7e0b0338]" name="testAddBook" duration-ms="11" started-at="2019-06-03T04:32:33Z" data-provider="AddBooksDataProvider" finished-at="2019-06-03T04:32:33Z">
          <params>
            <param index="0">
              <value>
                <![CDATA[Book [id=0, name=Go Ask Alice, author=Beatrice Sparks, seals=6940, price=50.113]]]>
              </value>
            </param>
          </params>
          <reporter-output>
          </reporter-output>
        </test-method> <!-- testAddBook -->
        <test-method status="PASS" signature="setup()[pri:0, instance:databases.testing.BooksApiTest@7e0b0338]" name="setup" is-config="true" duration-ms="0" started-at="2019-06-03T04:32:33Z" finished-at="2019-06-03T04:32:33Z">
          <reporter-output>
          </reporter-output>
        </test-method> <!-- setup -->
        <test-method status="PASS" signature="setup()[pri:0, instance:databases.testing.BooksApiTest@7e0b0338]" name="setup" is-config="true" duration-ms="3" started-at="2019-06-03T04:32:33Z" finished-at="2019-06-03T04:32:33Z">
          <reporter-output>
          </reporter-output>
        </test-method> <!-- setup -->
        <test-method status="PASS" signature="testAddBook(databases.booksapi.beans.Book)[pri:1, instance:databases.testing.BooksApiTest@7e0b0338]" name="testAddBook" duration-ms="12" started-at="2019-06-03T04:32:33Z" data-provider="AddBooksDataProvider" finished-at="2019-06-03T04:32:33Z">
          <params>
            <param index="0">
              <value>
                <![CDATA[Book [id=0, name=From Dead to Worse, author=Charlaine Harris, seals=6938, price=46.849]]]>
              </value>
            </param>
          </params>
          <reporter-output>
          </reporter-output>
        </test-method> <!-- testAddBook -->
        <test-method status="PASS" signature="setup()[pri:0, instance:databases.testing.BooksApiTest@7e0b0338]" name="setup" is-config="true" duration-ms="1" started-at="2019-06-03T04:32:33Z" finished-at="2019-06-03T04:32:33Z">
          <reporter-output>
          </reporter-output>
        </test-method> <!-- setup -->
        <test-method status="PASS" signature="testAddBook(databases.booksapi.beans.Book)[pri:1, instance:databases.testing.BooksApiTest@7e0b0338]" name="testAddBook" duration-ms="9" started-at="2019-06-03T04:32:33Z" data-provider="AddBooksDataProvider" finished-at="2019-06-03T04:32:33Z">
          <params>
            <param index="0">
              <value>
                <![CDATA[Book [id=0, name=Memnoch the Devil, author=Anne Rice, seals=6930, price=71.451]]]>
              </value>
            </param>
          </params>
          <reporter-output>
          </reporter-output>
        </test-method> <!-- testAddBook -->
        <test-method status="PASS" signature="setup()[pri:0, instance:databases.testing.BooksApiTest@7e0b0338]" name="setup" is-config="true" duration-ms="1" started-at="2019-06-03T04:32:33Z" finished-at="2019-06-03T04:32:33Z">
          <reporter-output>
          </reporter-output>
        </test-method> <!-- setup -->
        <test-method status="PASS" signature="testAddBook(databases.booksapi.beans.Book)[pri:1, instance:databases.testing.BooksApiTest@7e0b0338]" name="testAddBook" duration-ms="12" started-at="2019-06-03T04:32:33Z" data-provider="AddBooksDataProvider" finished-at="2019-06-03T04:32:33Z">
          <params>
            <param index="0">
              <value>
                <![CDATA[Book [id=0, name=Invisible Cities, author=Italo Calvino, seals=6912, price=58.126]]]>
              </value>
            </param>
          </params>
          <reporter-output>
          </reporter-output>
        </test-method> <!-- testAddBook -->
        <test-method status="PASS" signature="setup()[pri:0, instance:databases.testing.BooksApiTest@7e0b0338]" name="setup" is-config="true" duration-ms="2" started-at="2019-06-03T04:32:33Z" finished-at="2019-06-03T04:32:33Z">
          <reporter-output>
          </reporter-output>
        </test-method> <!-- setup -->
        <test-method status="PASS" signature="testAddBook(databases.booksapi.beans.Book)[pri:1, instance:databases.testing.BooksApiTest@7e0b0338]" name="testAddBook" duration-ms="12" started-at="2019-06-03T04:32:33Z" data-provider="AddBooksDataProvider" finished-at="2019-06-03T04:32:33Z">
          <params>
            <param index="0">
              <value>
                <![CDATA[Book [id=0, name=The Truth, author=Terry Pratchett, seals=6893, price=71.385]]]>
              </value>
            </param>
          </params>
          <reporter-output>
          </reporter-output>
        </test-method> <!-- testAddBook -->
        <test-method status="PASS" signature="setup()[pri:0, instance:databases.testing.BooksApiTest@7e0b0338]" name="setup" is-config="true" duration-ms="0" started-at="2019-06-03T04:32:33Z" finished-at="2019-06-03T04:32:33Z">
          <reporter-output>
          </reporter-output>
        </test-method> <!-- setup -->
        <test-method status="PASS" signature="testAddBook(databases.booksapi.beans.Book)[pri:1, instance:databases.testing.BooksApiTest@7e0b0338]" name="testAddBook" duration-ms="11" started-at="2019-06-03T04:32:33Z" data-provider="AddBooksDataProvider" finished-at="2019-06-03T04:32:33Z">
          <params>
            <param index="0">
              <value>
                <![CDATA[Book [id=0, name=Interesting Times, author=Terry Pratchett, seals=6876, price=0.266]]]>
              </value>
            </param>
          </params>
          <reporter-output>
          </reporter-output>
        </test-method> <!-- testAddBook -->
        <test-method status="PASS" signature="setup()[pri:0, instance:databases.testing.BooksApiTest@7e0b0338]" name="setup" is-config="true" duration-ms="1" started-at="2019-06-03T04:32:33Z" finished-at="2019-06-03T04:32:33Z">
          <reporter-output>
          </reporter-output>
        </test-method> <!-- setup -->
        <test-method status="PASS" signature="testAddBook(databases.booksapi.beans.Book)[pri:1, instance:databases.testing.BooksApiTest@7e0b0338]" name="testAddBook" duration-ms="12" started-at="2019-06-03T04:32:33Z" data-provider="AddBooksDataProvider" finished-at="2019-06-03T04:32:33Z">
          <params>
            <param index="0">
              <value>
                <![CDATA[Book [id=0, name=The Carnivorous Carnival, author=Lemony Snicket, seals=6874, price=96.044]]]>
              </value>
            </param>
          </params>
          <reporter-output>
          </reporter-output>
        </test-method> <!-- testAddBook -->
        <test-method status="PASS" signature="setup()[pri:0, instance:databases.testing.BooksApiTest@7e0b0338]" name="setup" is-config="true" duration-ms="1" started-at="2019-06-03T04:32:33Z" finished-at="2019-06-03T04:32:33Z">
          <reporter-output>
          </reporter-output>
        </test-method> <!-- setup -->
        <test-method status="PASS" signature="testAddBook(databases.booksapi.beans.Book)[pri:1, instance:databases.testing.BooksApiTest@7e0b0338]" name="testAddBook" duration-ms="12" started-at="2019-06-03T04:32:33Z" data-provider="AddBooksDataProvider" finished-at="2019-06-03T04:32:33Z">
          <params>
            <param index="0">
              <value>
                <![CDATA[Book [id=0, name=Fried Green Tomatoes at the Whistle Stop Cafe: A Novel, author=Fannie Flagg, seals=6868, price=63.955]]]>
              </value>
            </param>
          </params>
          <reporter-output>
          </reporter-output>
        </test-method> <!-- testAddBook -->
        <test-method status="PASS" signature="setup()[pri:0, instance:databases.testing.BooksApiTest@7e0b0338]" name="setup" is-config="true" duration-ms="0" started-at="2019-06-03T04:32:33Z" finished-at="2019-06-03T04:32:33Z">
          <reporter-output>
          </reporter-output>
        </test-method> <!-- setup -->
        <test-method status="PASS" signature="testAddBook(databases.booksapi.beans.Book)[pri:1, instance:databases.testing.BooksApiTest@7e0b0338]" name="testAddBook" duration-ms="12" started-at="2019-06-03T04:32:33Z" data-provider="AddBooksDataProvider" finished-at="2019-06-03T04:32:33Z">
          <params>
            <param index="0">
              <value>
                <![CDATA[Book [id=0, name=The Other Hand, author=Chris Cleave, seals=6867, price=54.287]]]>
              </value>
            </param>
          </params>
          <reporter-output>
          </reporter-output>
        </test-method> <!-- testAddBook -->
        <test-method status="PASS" signature="testAddBook(databases.booksapi.beans.Book)[pri:1, instance:databases.testing.BooksApiTest@7e0b0338]" name="testAddBook" duration-ms="22" started-at="2019-06-03T04:32:33Z" data-provider="AddBooksDataProvider" finished-at="2019-06-03T04:32:33Z">
          <params>
            <param index="0">
              <value>
                <![CDATA[Book [id=0, name=The Autobiography of Malcolm X, author=Malcolm X, seals=6865, price=9.84]]]>
              </value>
            </param>
          </params>
          <reporter-output>
          </reporter-output>
        </test-method> <!-- testAddBook -->
        <test-method status="PASS" signature="setup()[pri:0, instance:databases.testing.BooksApiTest@7e0b0338]" name="setup" is-config="true" duration-ms="0" started-at="2019-06-03T04:32:33Z" finished-at="2019-06-03T04:32:33Z">
          <reporter-output>
          </reporter-output>
        </test-method> <!-- setup -->
        <test-method status="PASS" signature="testAddBook(databases.booksapi.beans.Book)[pri:1, instance:databases.testing.BooksApiTest@7e0b0338]" name="testAddBook" duration-ms="15" started-at="2019-06-03T04:32:33Z" data-provider="AddBooksDataProvider" finished-at="2019-06-03T04:32:33Z">
          <params>
            <param index="0">
              <value>
                <![CDATA[Book [id=0, name=The Slippery Slope, author=Lemony Snicket, seals=6860, price=59.247]]]>
              </value>
            </param>
          </params>
          <reporter-output>
          </reporter-output>
        </test-method> <!-- testAddBook -->
        <test-method status="PASS" signature="setup()[pri:0, instance:databases.testing.BooksApiTest@7e0b0338]" name="setup" is-config="true" duration-ms="0" started-at="2019-06-03T04:32:33Z" finished-at="2019-06-03T04:32:33Z">
          <reporter-output>
          </reporter-output>
        </test-method> <!-- setup -->
        <test-method status="PASS" signature="testAddBook(databases.booksapi.beans.Book)[pri:1, instance:databases.testing.BooksApiTest@7e0b0338]" name="testAddBook" duration-ms="9" started-at="2019-06-03T04:32:33Z" data-provider="AddBooksDataProvider" finished-at="2019-06-03T04:32:33Z">
          <params>
            <param index="0">
              <value>
                <![CDATA[Book [id=0, name=Make Way for Ducklings, author=Robert McCloskey, seals=6852, price=18.22]]]>
              </value>
            </param>
          </params>
          <reporter-output>
          </reporter-output>
        </test-method> <!-- testAddBook -->
        <test-method status="PASS" signature="setup()[pri:0, instance:databases.testing.BooksApiTest@7e0b0338]" name="setup" is-config="true" duration-ms="0" started-at="2019-06-03T04:32:33Z" finished-at="2019-06-03T04:32:33Z">
          <reporter-output>
          </reporter-output>
        </test-method> <!-- setup -->
        <test-method status="PASS" signature="testAddBook(databases.booksapi.beans.Book)[pri:1, instance:databases.testing.BooksApiTest@7e0b0338]" name="testAddBook" duration-ms="7" started-at="2019-06-03T04:32:33Z" data-provider="AddBooksDataProvider" finished-at="2019-06-03T04:32:33Z">
          <params>
            <param index="0">
              <value>
                <![CDATA[Book [id=0, name=A Discovery of Witches, author=Deborah Harkness, seals=6846, price=42.657]]]>
              </value>
            </param>
          </params>
          <reporter-output>
          </reporter-output>
        </test-method> <!-- testAddBook -->
        <test-method status="PASS" signature="setup()[pri:0, instance:databases.testing.BooksApiTest@7e0b0338]" name="setup" is-config="true" duration-ms="0" started-at="2019-06-03T04:32:33Z" finished-at="2019-06-03T04:32:33Z">
          <reporter-output>
          </reporter-output>
        </test-method> <!-- setup -->
        <test-method status="PASS" signature="setup()[pri:0, instance:databases.testing.BooksApiTest@7e0b0338]" name="setup" is-config="true" duration-ms="1" started-at="2019-06-03T04:32:33Z" finished-at="2019-06-03T04:32:33Z">
          <reporter-output>
          </reporter-output>
        </test-method> <!-- setup -->
        <test-method status="PASS" signature="testAddBook(databases.booksapi.beans.Book)[pri:1, instance:databases.testing.BooksApiTest@7e0b0338]" name="testAddBook" duration-ms="10" started-at="2019-06-03T04:32:33Z" data-provider="AddBooksDataProvider" finished-at="2019-06-03T04:32:33Z">
          <params>
            <param index="0">
              <value>
                <![CDATA[Book [id=0, name=Harry Potter and the Cursed Child, author=J. K. Rowling, seals=6845, price=0.168]]]>
              </value>
            </param>
          </params>
          <reporter-output>
          </reporter-output>
        </test-method> <!-- testAddBook -->
        <test-method status="PASS" signature="testAddBook(databases.booksapi.beans.Book)[pri:1, instance:databases.testing.BooksApiTest@7e0b0338]" name="testAddBook" duration-ms="9" started-at="2019-06-03T04:32:33Z" data-provider="AddBooksDataProvider" finished-at="2019-06-03T04:32:33Z">
          <params>
            <param index="0">
              <value>
                <![CDATA[Book [id=0, name=Walk Two Moons, author=Sharon Creech, seals=6843, price=60.18]]]>
              </value>
            </param>
          </params>
          <reporter-output>
          </reporter-output>
        </test-method> <!-- testAddBook -->
        <test-method status="PASS" signature="setup()[pri:0, instance:databases.testing.BooksApiTest@7e0b0338]" name="setup" is-config="true" duration-ms="0" started-at="2019-06-03T04:32:33Z" finished-at="2019-06-03T04:32:33Z">
          <reporter-output>
          </reporter-output>
        </test-method> <!-- setup -->
        <test-method status="PASS" signature="setup()[pri:0, instance:databases.testing.BooksApiTest@7e0b0338]" name="setup" is-config="true" duration-ms="0" started-at="2019-06-03T04:32:33Z" finished-at="2019-06-03T04:32:33Z">
          <reporter-output>
          </reporter-output>
        </test-method> <!-- setup -->
        <test-method status="PASS" signature="testAddBook(databases.booksapi.beans.Book)[pri:1, instance:databases.testing.BooksApiTest@7e0b0338]" name="testAddBook" duration-ms="11" started-at="2019-06-03T04:32:33Z" data-provider="AddBooksDataProvider" finished-at="2019-06-03T04:32:33Z">
          <params>
            <param index="0">
              <value>
                <![CDATA[Book [id=0, name=Grave Peril, author=Jim Butcher, seals=6838, price=92.464]]]>
              </value>
            </param>
          </params>
          <reporter-output>
          </reporter-output>
        </test-method> <!-- testAddBook -->
        <test-method status="PASS" signature="setup()[pri:0, instance:databases.testing.BooksApiTest@7e0b0338]" name="setup" is-config="true" duration-ms="1" started-at="2019-06-03T04:32:33Z" finished-at="2019-06-03T04:32:33Z">
          <reporter-output>
          </reporter-output>
        </test-method> <!-- setup -->
        <test-method status="PASS" signature="testAddBook(databases.booksapi.beans.Book)[pri:1, instance:databases.testing.BooksApiTest@7e0b0338]" name="testAddBook" duration-ms="9" started-at="2019-06-03T04:32:33Z" data-provider="AddBooksDataProvider" finished-at="2019-06-03T04:32:33Z">
          <params>
            <param index="0">
              <value>
                <![CDATA[Book [id=0, name=The Twits, author=Roald Dahl, seals=6836, price=9.986]]]>
              </value>
            </param>
          </params>
          <reporter-output>
          </reporter-output>
        </test-method> <!-- testAddBook -->
        <test-method status="PASS" signature="testAddBook(databases.booksapi.beans.Book)[pri:1, instance:databases.testing.BooksApiTest@7e0b0338]" name="testAddBook" duration-ms="13" started-at="2019-06-03T04:32:33Z" data-provider="AddBooksDataProvider" finished-at="2019-06-03T04:32:33Z">
          <params>
            <param index="0">
              <value>
                <![CDATA[Book [id=0, name=The Hero with a Thousand Faces, author=Joseph Campbell, seals=6835, price=74.094]]]>
              </value>
            </param>
          </params>
          <reporter-output>
          </reporter-output>
        </test-method> <!-- testAddBook -->
        <test-method status="PASS" signature="setup()[pri:0, instance:databases.testing.BooksApiTest@7e0b0338]" name="setup" is-config="true" duration-ms="0" started-at="2019-06-03T04:32:33Z" finished-at="2019-06-03T04:32:33Z">
          <reporter-output>
          </reporter-output>
        </test-method> <!-- setup -->
        <test-method status="PASS" signature="testAddBook(databases.booksapi.beans.Book)[pri:1, instance:databases.testing.BooksApiTest@7e0b0338]" name="testAddBook" duration-ms="11" started-at="2019-06-03T04:32:33Z" data-provider="AddBooksDataProvider" finished-at="2019-06-03T04:32:33Z">
          <params>
            <param index="0">
              <value>
                <![CDATA[Book [id=0, name=The Pickwick Papers, author=Charles Dickens, seals=6831, price=67.372]]]>
              </value>
            </param>
          </params>
          <reporter-output>
          </reporter-output>
        </test-method> <!-- testAddBook -->
        <test-method status="PASS" signature="setup()[pri:0, instance:databases.testing.BooksApiTest@7e0b0338]" name="setup" is-config="true" duration-ms="0" started-at="2019-06-03T04:32:33Z" finished-at="2019-06-03T04:32:33Z">
          <reporter-output>
          </reporter-output>
        </test-method> <!-- setup -->
        <test-method status="PASS" signature="setup()[pri:0, instance:databases.testing.BooksApiTest@7e0b0338]" name="setup" is-config="true" duration-ms="1" started-at="2019-06-03T04:32:33Z" finished-at="2019-06-03T04:32:33Z">
          <reporter-output>
          </reporter-output>
        </test-method> <!-- setup -->
        <test-method status="PASS" signature="testAddBook(databases.booksapi.beans.Book)[pri:1, instance:databases.testing.BooksApiTest@7e0b0338]" name="testAddBook" duration-ms="9" started-at="2019-06-03T04:32:33Z" data-provider="AddBooksDataProvider" finished-at="2019-06-03T04:32:33Z">
          <params>
            <param index="0">
              <value>
                <![CDATA[Book [id=0, name=Contact, author=Carl Sagan, seals=6823, price=92.322]]]>
              </value>
            </param>
          </params>
          <reporter-output>
          </reporter-output>
        </test-method> <!-- testAddBook -->
        <test-method status="PASS" signature="setup()[pri:0, instance:databases.testing.BooksApiTest@7e0b0338]" name="setup" is-config="true" duration-ms="1" started-at="2019-06-03T04:32:33Z" finished-at="2019-06-03T04:32:33Z">
          <reporter-output>
          </reporter-output>
        </test-method> <!-- setup -->
        <test-method status="PASS" signature="testAddBook(databases.booksapi.beans.Book)[pri:1, instance:databases.testing.BooksApiTest@7e0b0338]" name="testAddBook" duration-ms="7" started-at="2019-06-03T04:32:33Z" data-provider="AddBooksDataProvider" finished-at="2019-06-03T04:32:33Z">
          <params>
            <param index="0">
              <value>
                <![CDATA[Book [id=0, name=Making Money, author=Terry Pratchett, seals=6811, price=15.396]]]>
              </value>
            </param>
          </params>
          <reporter-output>
          </reporter-output>
        </test-method> <!-- testAddBook -->
        <test-method status="PASS" signature="setup()[pri:0, instance:databases.testing.BooksApiTest@7e0b0338]" name="setup" is-config="true" duration-ms="1" started-at="2019-06-03T04:32:33Z" finished-at="2019-06-03T04:32:33Z">
          <reporter-output>
          </reporter-output>
        </test-method> <!-- setup -->
        <test-method status="PASS" signature="testAddBook(databases.booksapi.beans.Book)[pri:1, instance:databases.testing.BooksApiTest@7e0b0338]" name="testAddBook" duration-ms="9" started-at="2019-06-03T04:32:33Z" data-provider="AddBooksDataProvider" finished-at="2019-06-03T04:32:33Z">
          <params>
            <param index="0">
              <value>
                <![CDATA[Book [id=0, name=The Killer Angels, author=Michael Shaara, seals=6811, price=64.46]]]>
              </value>
            </param>
          </params>
          <reporter-output>
          </reporter-output>
        </test-method> <!-- testAddBook -->
        <test-method status="PASS" signature="testAddBook(databases.booksapi.beans.Book)[pri:1, instance:databases.testing.BooksApiTest@7e0b0338]" name="testAddBook" duration-ms="11" started-at="2019-06-03T04:32:33Z" data-provider="AddBooksDataProvider" finished-at="2019-06-03T04:32:33Z">
          <params>
            <param index="0">
              <value>
                <![CDATA[Book [id=0, name=The Valley of Horses, author=Jean M. Auel, seals=6803, price=47.561]]]>
              </value>
            </param>
          </params>
          <reporter-output>
          </reporter-output>
        </test-method> <!-- testAddBook -->
        <test-method status="PASS" signature="setup()[pri:0, instance:databases.testing.BooksApiTest@7e0b0338]" name="setup" is-config="true" duration-ms="0" started-at="2019-06-03T04:32:33Z" finished-at="2019-06-03T04:32:33Z">
          <reporter-output>
          </reporter-output>
        </test-method> <!-- setup -->
        <test-method status="PASS" signature="testAddBook(databases.booksapi.beans.Book)[pri:1, instance:databases.testing.BooksApiTest@7e0b0338]" name="testAddBook" duration-ms="11" started-at="2019-06-03T04:32:33Z" data-provider="AddBooksDataProvider" finished-at="2019-06-03T04:32:33Z">
          <params>
            <param index="0">
              <value>
                <![CDATA[Book [id=0, name=A Breath of Snow and Ashes, author=Diana Gabaldon, seals=6798, price=84.601]]]>
              </value>
            </param>
          </params>
          <reporter-output>
          </reporter-output>
        </test-method> <!-- testAddBook -->
        <test-method status="PASS" signature="setup()[pri:0, instance:databases.testing.BooksApiTest@7e0b0338]" name="setup" is-config="true" duration-ms="0" started-at="2019-06-03T04:32:33Z" finished-at="2019-06-03T04:32:33Z">
          <reporter-output>
          </reporter-output>
        </test-method> <!-- setup -->
[...]
            </param>
          </params>
          <reporter-output>
          </reporter-output>
        </test-method> <!-- testPutBook -->
        <test-method status="PASS" signature="setup()[pri:0, instance:databases.testing.BooksApiTest@7e0b0338]" name="setup" is-config="true" duration-ms="0" started-at="2019-06-03T04:32:57Z" finished-at="2019-06-03T04:32:57Z">
          <reporter-output>
          </reporter-output>
        </test-method> <!-- setup -->
        <test-method status="PASS" signature="testPutBook(databases.booksapi.beans.Book)[pri:2, instance:databases.testing.BooksApiTest@7e0b0338]" name="testPutBook" duration-ms="22" started-at="2019-06-03T04:32:57Z" data-provider="UpdateBooksDataProvider" finished-at="2019-06-03T04:32:57Z">
          <params>
            <param index="0">
              <value>
                <![CDATA[Book [id=0, name=The Story of Edgar Sawtelle, author=David Wroblewski, seals=7311, price=72.639]]]>
              </value>
            </param>
          </params>
          <reporter-output>
          </reporter-output>
        </test-method> <!-- testPutBook -->
        <test-method status="PASS" signature="setup()[pri:0, instance:databases.testing.BooksApiTest@7e0b0338]" name="setup" is-config="true" duration-ms="0" started-at="2019-06-03T04:32:57Z" finished-at="2019-06-03T04:32:57Z">
          <reporter-output>
          </reporter-output>
        </test-method> <!-- setup -->
        <test-method status="PASS" signature="testPutBook(databases.booksapi.beans.Book)[pri:2, instance:databases.testing.BooksApiTest@7e0b0338]" name="testPutBook" duration-ms="17" started-at="2019-06-03T04:32:57Z" data-provider="UpdateBooksDataProvider" finished-at="2019-06-03T04:32:57Z">
          <params>
            <param index="0">
              <value>
                <![CDATA[Book [id=0, name=The Nanny Diaries, author=Emma McLaughlin, seals=7306, price=85.76]]]>
              </value>
            </param>
          </params>
          <reporter-output>
          </reporter-output>
        </test-method> <!-- testPutBook -->
        <test-method status="PASS" signature="setup()[pri:0, instance:databases.testing.BooksApiTest@7e0b0338]" name="setup" is-config="true" duration-ms="0" started-at="2019-06-03T04:32:57Z" finished-at="2019-06-03T04:32:57Z">
          <reporter-output>
          </reporter-output>
        </test-method> <!-- setup -->
        <test-method status="PASS" signature="testPutBook(databases.booksapi.beans.Book)[pri:2, instance:databases.testing.BooksApiTest@7e0b0338]" name="testPutBook" duration-ms="16" started-at="2019-06-03T04:32:57Z" data-provider="UpdateBooksDataProvider" finished-at="2019-06-03T04:32:57Z">
          <params>
            <param index="0">
              <value>
                <![CDATA[Book [id=0, name=The Tale of the Body Thief, author=Anne Rice, seals=7306, price=22.691]]]>
              </value>
            </param>
          </params>
          <reporter-output>
          </reporter-output>
        </test-method> <!-- testPutBook -->
        <test-method status="PASS" signature="setup()[pri:0, instance:databases.testing.BooksApiTest@7e0b0338]" name="setup" is-config="true" duration-ms="0" started-at="2019-06-03T04:32:57Z" finished-at="2019-06-03T04:32:57Z">
          <reporter-output>
          </reporter-output>
        </test-method> <!-- setup -->
        <test-method status="PASS" signature="testPutBook(databases.booksapi.beans.Book)[pri:2, instance:databases.testing.BooksApiTest@7e0b0338]" name="testPutBook" duration-ms="34" started-at="2019-06-03T04:32:57Z" data-provider="UpdateBooksDataProvider" finished-at="2019-06-03T04:32:57Z">
          <params>
            <param index="0">
              <value>
                <![CDATA[Book [id=0, name=The Elegant Universe: Superstrings, Hidden Dimensions, and the Quest for the Ultimate Theory, author=Brian Greene, seals=7304, price=51.332]]]>
              </value>
            </param>
          </params>
          <reporter-output>
          </reporter-output>
        </test-method> <!-- testPutBook -->
        <test-method status="PASS" signature="setup()[pri:0, instance:databases.testing.BooksApiTest@7e0b0338]" name="setup" is-config="true" duration-ms="0" started-at="2019-06-03T04:32:57Z" finished-at="2019-06-03T04:32:57Z">
          <reporter-output>
          </reporter-output>
        </test-method> <!-- setup -->
        <test-method status="PASS" signature="setup()[pri:0, instance:databases.testing.BooksApiTest@7e0b0338]" name="setup" is-config="true" duration-ms="0" started-at="2019-06-03T04:32:57Z" finished-at="2019-06-03T04:32:57Z">
          <reporter-output>
          </reporter-output>
        </test-method> <!-- setup -->
        <test-method status="PASS" signature="testPutBook(databases.booksapi.beans.Book)[pri:2, instance:databases.testing.BooksApiTest@7e0b0338]" name="testPutBook" duration-ms="25" started-at="2019-06-03T04:32:57Z" data-provider="UpdateBooksDataProvider" finished-at="2019-06-03T04:32:57Z">
          <params>
            <param index="0">
              <value>
                <![CDATA[Book [id=0, name=Cry, the Beloved Country, author=Alan Paton, seals=7297, price=16.082]]]>
              </value>
            </param>
          </params>
          <reporter-output>
          </reporter-output>
        </test-method> <!-- testPutBook -->
        <test-method status="PASS" signature="testPutBook(databases.booksapi.beans.Book)[pri:2, instance:databases.testing.BooksApiTest@7e0b0338]" name="testPutBook" duration-ms="23" started-at="2019-06-03T04:32:57Z" data-provider="UpdateBooksDataProvider" finished-at="2019-06-03T04:32:57Z">
          <params>
            <param index="0">
              <value>
                <![CDATA[Book [id=0, name=Anne of the Island, author=L. M. Montgomery, seals=7297, price=27.688]]]>
              </value>
            </param>
          </params>
          <reporter-output>
          </reporter-output>
        </test-method> <!-- testPutBook -->
        <test-method status="PASS" signature="setup()[pri:0, instance:databases.testing.BooksApiTest@7e0b0338]" name="setup" is-config="true" duration-ms="0" started-at="2019-06-03T04:32:57Z" finished-at="2019-06-03T04:32:57Z">
          <reporter-output>
          </reporter-output>
        </test-method> <!-- setup -->
        <test-method status="PASS" signature="setup()[pri:0, instance:databases.testing.BooksApiTest@7e0b0338]" name="setup" is-config="true" duration-ms="0" started-at="2019-06-03T04:32:57Z" finished-at="2019-06-03T04:32:57Z">
          <reporter-output>
          </reporter-output>
        </test-method> <!-- setup -->
        <test-method status="PASS" signature="testPutBook(databases.booksapi.beans.Book)[pri:2, instance:databases.testing.BooksApiTest@7e0b0338]" name="testPutBook" duration-ms="21" started-at="2019-06-03T04:32:57Z" data-provider="UpdateBooksDataProvider" finished-at="2019-06-03T04:32:57Z">
          <params>
            <param index="0">
              <value>
                <![CDATA[Book [id=0, name=Cujo, author=Stephen King, seals=7296, price=38.015]]]>
              </value>
            </param>
          </params>
          <reporter-output>
          </reporter-output>
        </test-method> <!-- testPutBook -->
        <test-method status="PASS" signature="testPutBook(databases.booksapi.beans.Book)[pri:2, instance:databases.testing.BooksApiTest@7e0b0338]" name="testPutBook" duration-ms="18" started-at="2019-06-03T04:32:57Z" data-provider="UpdateBooksDataProvider" finished-at="2019-06-03T04:32:57Z">
          <params>
            <param index="0">
              <value>
                <![CDATA[Book [id=0, name=Children of the Mind, author=Orson Scott Card, seals=7286, price=27.715]]]>
              </value>
            </param>
          </params>
          <reporter-output>
          </reporter-output>
        </test-method> <!-- testPutBook -->
        <test-method status="PASS" signature="setup()[pri:0, instance:databases.testing.BooksApiTest@7e0b0338]" name="setup" is-config="true" duration-ms="0" started-at="2019-06-03T04:32:57Z" finished-at="2019-06-03T04:32:57Z">
          <reporter-output>
          </reporter-output>
        </test-method> <!-- setup -->
        <test-method status="PASS" signature="testPutBook(databases.booksapi.beans.Book)[pri:2, instance:databases.testing.BooksApiTest@7e0b0338]" name="testPutBook" duration-ms="22" started-at="2019-06-03T04:32:57Z" data-provider="UpdateBooksDataProvider" finished-at="2019-06-03T04:32:57Z">
          <params>
            <param index="0">
              <value>
                <![CDATA[Book [id=0, name=On the Banks of Plum Creek, author=Laura Ingalls Wilder, seals=7274, price=4.956]]]>
              </value>
            </param>
          </params>
          <reporter-output>
          </reporter-output>
        </test-method> <!-- testPutBook -->
        <test-method status="PASS" signature="setup()[pri:0, instance:databases.testing.BooksApiTest@7e0b0338]" name="setup" is-config="true" duration-ms="0" started-at="2019-06-03T04:32:57Z" finished-at="2019-06-03T04:32:57Z">
          <reporter-output>
          </reporter-output>
        </test-method> <!-- setup -->
        <test-method status="PASS" signature="setup()[pri:0, instance:databases.testing.BooksApiTest@7e0b0338]" name="setup" is-config="true" duration-ms="0" started-at="2019-06-03T04:32:57Z" finished-at="2019-06-03T04:32:57Z">
          <reporter-output>
          </reporter-output>
        </test-method> <!-- setup -->
        <test-method status="PASS" signature="testPutBook(databases.booksapi.beans.Book)[pri:2, instance:databases.testing.BooksApiTest@7e0b0338]" name="testPutBook" duration-ms="20" started-at="2019-06-03T04:32:57Z" data-provider="UpdateBooksDataProvider" finished-at="2019-06-03T04:32:57Z">
          <params>
            <param index="0">
              <value>
                <![CDATA[Book [id=0, name=On Chesil Beach, author=Ian McEwan, seals=7270, price=70.898]]]>
              </value>
            </param>
          </params>
          <reporter-output>
          </reporter-output>
        </test-method> <!-- testPutBook -->
        <test-method status="PASS" signature="testPutBook(databases.booksapi.beans.Book)[pri:2, instance:databases.testing.BooksApiTest@7e0b0338]" name="testPutBook" duration-ms="30" started-at="2019-06-03T04:32:57Z" data-provider="UpdateBooksDataProvider" finished-at="2019-06-03T04:32:57Z">
          <params>
            <param index="0">
              <value>
                <![CDATA[Book [id=0, name=Confessions of an Ugly Stepsister, author=Gregory Maguire, seals=7266, price=63.474]]]>
              </value>
            </param>
          </params>
          <reporter-output>
          </reporter-output>
        </test-method> <!-- testPutBook -->
        <test-method status="PASS" signature="setup()[pri:0, instance:databases.testing.BooksApiTest@7e0b0338]" name="setup" is-config="true" duration-ms="0" started-at="2019-06-03T04:32:57Z" finished-at="2019-06-03T04:32:57Z">
          <reporter-output>
          </reporter-output>
        </test-method> <!-- setup -->
        <test-method status="PASS" signature="setup()[pri:0, instance:databases.testing.BooksApiTest@7e0b0338]" name="setup" is-config="true" duration-ms="0" started-at="2019-06-03T04:32:57Z" finished-at="2019-06-03T04:32:57Z">
          <reporter-output>
          </reporter-output>
        </test-method> <!-- setup -->
        <test-method status="PASS" signature="testPutBook(databases.booksapi.beans.Book)[pri:2, instance:databases.testing.BooksApiTest@7e0b0338]" name="testPutBook" duration-ms="20" started-at="2019-06-03T04:32:57Z" data-provider="UpdateBooksDataProvider" finished-at="2019-06-03T04:32:57Z">
          <params>
            <param index="0">
              <value>
                <![CDATA[Book [id=0, name=The Pact, author=Jodi Picoult, seals=7264, price=80.972]]]>
              </value>
            </param>
          </params>
          <reporter-output>
          </reporter-output>
        </test-method> <!-- testPutBook -->
        <test-method status="PASS" signature="setup()[pri:0, instance:databases.testing.BooksApiTest@7e0b0338]" name="setup" is-config="true" duration-ms="0" started-at="2019-06-03T04:32:57Z" finished-at="2019-06-03T04:32:57Z">
          <reporter-output>
          </reporter-output>
        </test-method> <!-- setup -->
        <test-method status="PASS" signature="testPutBook(databases.booksapi.beans.Book)[pri:2, instance:databases.testing.BooksApiTest@7e0b0338]" name="testPutBook" duration-ms="22" started-at="2019-06-03T04:32:57Z" data-provider="UpdateBooksDataProvider" finished-at="2019-06-03T04:32:57Z">
          <params>
            <param index="0">
              <value>
                <![CDATA[Book [id=0, name=The Plot Against America, author=Philip Roth, seals=7259, price=5.086]]]>
              </value>
            </param>
          </params>
          <reporter-output>
          </reporter-output>
        </test-method> <!-- testPutBook -->
        <test-method status="PASS" signature="testPutBook(databases.booksapi.beans.Book)[pri:2, instance:databases.testing.BooksApiTest@7e0b0338]" name="testPutBook" duration-ms="27" started-at="2019-06-03T04:32:57Z" data-provider="UpdateBooksDataProvider" finished-at="2019-06-03T04:32:57Z">
          <params>
            <param index="0">
              <value>
                <![CDATA[Book [id=0, name=The Hostile Hospital, author=Lemony Snicket, seals=7253, price=63.408]]]>
              </value>
            </param>
          </params>
          <reporter-output>
          </reporter-output>
        </test-method> <!-- testPutBook -->
        <test-method status="PASS" signature="setup()[pri:0, instance:databases.testing.BooksApiTest@7e0b0338]" name="setup" is-config="true" duration-ms="0" started-at="2019-06-03T04:32:57Z" finished-at="2019-06-03T04:32:57Z">
          <reporter-output>
          </reporter-output>
        </test-method> <!-- setup -->
        <test-method status="PASS" signature="testPutBook(databases.booksapi.beans.Book)[pri:2, instance:databases.testing.BooksApiTest@7e0b0338]" name="testPutBook" duration-ms="22" started-at="2019-06-03T04:32:57Z" data-provider="UpdateBooksDataProvider" finished-at="2019-06-03T04:32:58Z">
          <params>
            <param index="0">
              <value>
                <![CDATA[Book [id=0, name=This Side of Paradise, author=F. Scott Fitzgerald, seals=7251, price=30.59]]]>
              </value>
            </param>
          </params>
          <reporter-output>
          </reporter-output>
        </test-method> <!-- testPutBook -->
        <test-method status="PASS" signature="setup()[pri:0, instance:databases.testing.BooksApiTest@7e0b0338]" name="setup" is-config="true" duration-ms="0" started-at="2019-06-03T04:32:57Z" finished-at="2019-06-03T04:32:57Z">
          <reporter-output>
          </reporter-output>
        </test-method> <!-- setup -->
        <test-method status="PASS" signature="testGetAllbooks()[pri:3, instance:databases.testing.BooksApiTest@7e0b0338]" name="testGetAllbooks" duration-ms="22" started-at="2019-06-03T04:32:58Z" finished-at="2019-06-03T04:32:58Z">
          <reporter-output>
          </reporter-output>
        </test-method> <!-- testGetAllbooks -->
        <test-method status="PASS" signature="setup()[pri:0, instance:databases.testing.BooksApiTest@7e0b0338]" name="setup" is-config="true" duration-ms="0" started-at="2019-06-03T04:32:58Z" finished-at="2019-06-03T04:32:58Z">
          <reporter-output>
          </reporter-output>
        </test-method> <!-- setup -->
        <test-method status="PASS" signature="setup()[pri:0, instance:databases.testing.BooksApiTest@7e0b0338]" name="setup" is-config="true" duration-ms="0" started-at="2019-06-03T04:32:58Z" finished-at="2019-06-03T04:32:58Z">
          <reporter-output>
          </reporter-output>
        </test-method> <!-- setup -->
        <test-method status="PASS" signature="testGetBooksById()[pri:4, instance:databases.testing.BooksApiTest@7e0b0338]" name="testGetBooksById" duration-ms="21" started-at="2019-06-03T04:32:58Z" finished-at="2019-06-03T04:32:58Z">
          <reporter-output>
          </reporter-output>
        </test-method> <!-- testGetBooksById -->
        <test-method status="PASS" signature="setup()[pri:0, instance:databases.testing.BooksApiTest@7e0b0338]" name="setup" is-config="true" duration-ms="1" started-at="2019-06-03T04:32:58Z" finished-at="2019-06-03T04:32:58Z">
          <reporter-output>
          </reporter-output>
        </test-method> <!-- setup -->
        <test-method status="PASS" signature="testDeleteBooksById()[pri:5, instance:databases.testing.BooksApiTest@7e0b0338]" name="testDeleteBooksById" duration-ms="34" started-at="2019-06-03T04:32:58Z" finished-at="2019-06-03T04:32:58Z">
          <reporter-output>
          </reporter-output>
        </test-method> <!-- testDeleteBooksById -->
        <test-method status="PASS" signature="setup()[pri:0, instance:databases.testing.BooksApiTest@7e0b0338]" name="setup" is-config="true" duration-ms="0" started-at="2019-06-03T04:32:58Z" finished-at="2019-06-03T04:32:58Z">
          <reporter-output>
          </reporter-output>
        </test-method> <!-- setup -->
        <test-method status="PASS" signature="testUpdateBookPriceById()[pri:6, instance:databases.testing.BooksApiTest@7e0b0338]" name="testUpdateBookPriceById" duration-ms="66" started-at="2019-06-03T04:32:58Z" finished-at="2019-06-03T04:32:58Z">
          <reporter-output>
          </reporter-output>
        </test-method> <!-- testUpdateBookPriceById -->
        <test-method status="PASS" signature="testGetBookByAuthorNameContains()[pri:7, instance:databases.testing.BooksApiTest@7e0b0338]" name="testGetBookByAuthorNameContains" duration-ms="34" started-at="2019-06-03T04:32:58Z" finished-at="2019-06-03T04:32:58Z">
          <reporter-output>
          </reporter-output>
        </test-method> <!-- testGetBookByAuthorNameContains -->
        <test-method status="PASS" signature="setup()[pri:0, instance:databases.testing.BooksApiTest@7e0b0338]" name="setup" is-config="true" duration-ms="0" started-at="2019-06-03T04:32:58Z" finished-at="2019-06-03T04:32:58Z">
          <reporter-output>
          </reporter-output>
        </test-method> <!-- setup -->
        <test-method status="PASS" signature="testGetBooksByPriceLessThanEquals()[pri:8, instance:databases.testing.BooksApiTest@7e0b0338]" name="testGetBooksByPriceLessThanEquals" duration-ms="55" started-at="2019-06-03T04:32:58Z" finished-at="2019-06-03T04:32:58Z">
          <reporter-output>
          </reporter-output>
        </test-method> <!-- testGetBooksByPriceLessThanEquals -->
        <test-method status="PASS" signature="setup()[pri:0, instance:databases.testing.BooksApiTest@7e0b0338]" name="setup" is-config="true" duration-ms="0" started-at="2019-06-03T04:32:58Z" finished-at="2019-06-03T04:32:58Z">
          <reporter-output>
          </reporter-output>
        </test-method> <!-- setup -->
        <test-method status="PASS" signature="setup()[pri:0, instance:databases.testing.BooksApiTest@7e0b0338]" name="setup" is-config="true" duration-ms="0" started-at="2019-06-03T04:32:58Z" finished-at="2019-06-03T04:32:58Z">
          <reporter-output>
          </reporter-output>
        </test-method> <!-- setup -->
        <test-method status="PASS" signature="testGetBooksByPriceBetween()[pri:9, instance:databases.testing.BooksApiTest@7e0b0338]" name="testGetBooksByPriceBetween" duration-ms="155" started-at="2019-06-03T04:32:58Z" finished-at="2019-06-03T04:32:58Z">
          <reporter-output>
          </reporter-output>
        </test-method> <!-- testGetBooksByPriceBetween -->
      </class> <!-- databases.testing.BooksApiTest -->
    </test> <!-- Default test -->
  </suite> <!-- Default suite -->
</testng-results>
