<?xml version="1.0" encoding="UTF-8"?>
<!-- Generated by org.testng.reporters.JUnitReportReporter -->
<testsuite skipped="0" hostname="DESKTOP-A579FMI" name="databases.BooksApiTest" tests="3" failures="0" timestamp="31 May 2019 07:38:16 GMT" time="1.049" errors="0">
  <testcase name="testAddBook" time="0.062" classname="databases.BooksApiTest"/>
  <testcase name="testAddBook" time="0.951" classname="databases.BooksApiTest"/>
  <testcase name="testAddBook" time="0.036" classname="databases.BooksApiTest"/>
</testsuite> <!-- databases.BooksApiTest -->
